IQ-TREE version 3.0.1 for Windows 64-bit built May  5 2025
Developed by Bui Quang Minh, Thomas Wong, Nhan Ly-Trong, Huaiyan Ren
Contributed by Lam-Tung Nguyen, Dominik Schrempf, Chris Bielow,
Olga Chernomor, Michael Woodhams, Diep Thi Hoang, Heiko Schmidt

Host:    PC24030008 (AVX2, FMA3, 15 GB RAM)
Command: C:\Users\soage\IQTREE~1.1-W\bin\iqtree3.exe -s aln_segment_6959_to_7455.fasta -m MFP -B 1000 -T 4 -pre aln_segment_6959_to_7455
Seed:    188919 (Using SPRNG - Scalable Parallel Random Number Generator)
Time:    Wed Aug 27 10:04:46 2025
Kernel:  AVX+FMA - 4 threads (20 CPU cores detected)

Reading alignment file aln_segment_6959_to_7455.fasta ... Fasta format detected
Reading fasta file: done in 0.0002715 secs
Alignment most likely contains DNA/RNA sequences
Constructing alignment: done in 0.0002594 secs
Alignment has 37 sequences with 497 columns, 195 distinct patterns
128 parsimony-informative, 82 singleton sites, 287 constant sites
                                Gap/Ambiguity  Composition  p-value
Analyzing sequences: done in 8.40006e-06 secs
   1  B.FR.83.HXBLAI_IIIB_BRU.K03455    0.00%    passed     94.12%
   2  A                                 0.00%    passed     99.44%
   3  A1                                0.00%    passed     99.98%
   4  A2                                0.00%    passed     99.46%
   5  A3                                0.00%    passed     94.82%
   6  A6                                0.00%    passed     98.82%
   7  B                                 0.00%    passed     88.05%
   8  C                                 0.00%    passed     86.35%
   9  D                                 0.00%    passed     99.76%
  10  F1                                0.00%    passed     97.24%
  11  F2                                0.00%    passed     99.13%
  12  G                                 0.00%    passed     99.97%
  13  H                                 0.00%    passed     94.24%
  14  J                                 0.00%    passed     90.64%
  15  K                                 0.00%    passed     95.13%
  16  L                                 0.00%    passed     80.64%
  17  AE                                0.00%    passed     93.65%
  18  AG                                0.00%    passed     89.15%
  19  cpx                               0.00%    passed     98.36%
  20  DF                                0.20%    passed     93.83%
  21  BC                                0.00%    passed     96.74%
  22  CD                                0.00%    passed     99.13%
  23  BF                                0.00%    passed     98.25%
  24  BG                                0.00%    passed     97.26%
  25  01B                               0.00%    passed     93.57%
  26  A2D                               0.00%    passed     95.67%
  27  01A1                              0.00%    passed     99.81%
  28  A5U                               0.00%    passed     91.26%
  29  AD                                0.00%    passed     92.87%
  30  BF1                               0.00%    passed     88.49%
  31  02G                               0.00%    passed     99.29%
  32  A1D                               0.00%    passed     95.33%
  33  02A                               0.00%    passed     98.82%
  34  C2U                               0.00%    passed     99.31%
  35  02B                               0.00%    passed     83.49%
  36  01C                               0.00%    passed     82.14%
  37  CPZ                               0.00%    passed     32.02%
****  TOTAL                             0.01%  0 sequences failed composition chi2 test (p-value<5%; df=3)
Checking for duplicate sequences: done in 3.61e-05 secs


Create initial parsimony tree by phylogenetic likelihood library (PLL)... 0.001 seconds
WARNING: Number of threads seems too high for short alignments. Use -T AUTO to determine best number of threads.
Perform fast likelihood tree search using GTR+I+G model...
Estimate model parameters (epsilon = 5.000)
Perform nearest neighbor interchange...
Optimizing NNI: done in 0.0374435 secs using 500.8% CPU
Estimate model parameters (epsilon = 1.000)
1. Initial log-likelihood: -3716.807
Optimal log-likelihood: -3716.303
Rate parameters:  A-C: 3.51212  A-G: 8.40073  A-T: 1.31321  C-G: 1.45266  C-T: 8.27632  G-T: 1.00000
Base frequencies:  A: 0.331  C: 0.176  G: 0.278  T: 0.215
Proportion of invariable sites: 0.299
Gamma shape alpha: 0.476
Parameters optimization took 1 rounds (0.008 sec)
Time for fast ML tree search: 0.129 seconds

NOTE: ModelFinder requires 3 MB RAM!
ModelFinder will test up to 968 DNA models (sample size: 497 epsilon: 0.100) ...
 No. Model         -LnL         df  AIC          AICc         BIC
WARNING: Number of threads seems too high for short alignments. Use -T AUTO to determine best number of threads.
  1  JC            4285.104     71  8712.207     8736.264     9011.017
WARNING: Number of threads seems too high for short alignments. Use -T AUTO to determine best number of threads.
  2  JC+I          4032.891     72  8209.783     8234.575     8512.801
WARNING: Number of threads seems too high for short alignments. Use -T AUTO to determine best number of threads.
  3  JC+G4         3950.825     72  8045.650     8070.442     8348.668
WARNING: Number of threads seems too high for short alignments. Use -T AUTO to determine best number of threads.
  4  JC+I+G4       3940.983     73  8027.967     8053.508     8335.194
WARNING: Number of threads seems too high for short alignments. Use -T AUTO to determine best number of threads.
  5  JC+R2         3953.052     73  8052.103     8077.645     8359.330
WARNING: Number of threads seems too high for short alignments. Use -T AUTO to determine best number of threads.
  6  JC+R3         3928.719     75  8007.438     8034.516     8323.082
WARNING: Number of threads seems too high for short alignments. Use -T AUTO to determine best number of threads.
  7  JC+R4         3927.997     77  8009.994     8038.662     8334.056
WARNING: Number of threads seems too high for short alignments. Use -T AUTO to determine best number of threads.
 14  JC+I+R2       3932.881     74  8013.761     8040.065     8325.197
WARNING: Number of threads seems too high for short alignments. Use -T AUTO to determine best number of threads.
 15  JC+I+R3       3927.356     76  8006.712     8034.578     8326.564
 28  JC+R3         3928.719     75  8007.438     8034.516     8323.082
 36  JC+I+R2       3932.881     74  8013.761     8040.065     8325.197
 37  JC+I+R3       3927.356     76  8006.712     8034.578     8326.564
WARNING: Number of threads seems too high for short alignments. Use -T AUTO to determine best number of threads.
 50  F81+R3        3928.647     75  8007.294     8034.372     8322.938
WARNING: Number of threads seems too high for short alignments. Use -T AUTO to determine best number of threads.
 58  F81+I+R2      3932.855     74  8013.711     8040.014     8325.146
WARNING: Number of threads seems too high for short alignments. Use -T AUTO to determine best number of threads.
 59  F81+I+R3      3927.305     76  8006.609     8034.476     8326.462
WARNING: Number of threads seems too high for short alignments. Use -T AUTO to determine best number of threads.
 72  F81+F+R3      3870.735     78  7897.470     7926.953     8225.740
WARNING: Number of threads seems too high for short alignments. Use -T AUTO to determine best number of threads.
 80  F81+F+I+R2    3874.526     77  7903.051     7931.719     8227.112
WARNING: Number of threads seems too high for short alignments. Use -T AUTO to determine best number of threads.
 81  F81+F+I+R3    3869.017     79  7896.035     7926.347     8228.513
WARNING: Number of threads seems too high for short alignments. Use -T AUTO to determine best number of threads.
 94  K2P+R3        3749.551     76  7651.102     7678.969     7970.955
WARNING: Number of threads seems too high for short alignments. Use -T AUTO to determine best number of threads.
102  K2P+I+R2      3753.362     75  7656.725     7683.803     7972.369
WARNING: Number of threads seems too high for short alignments. Use -T AUTO to determine best number of threads.
103  K2P+I+R3      3748.001     77  7650.002     7678.670     7974.063
116  K2P+R3        3749.551     76  7651.102     7678.969     7970.955
124  K2P+I+R2      3753.362     75  7656.725     7683.803     7972.369
125  K2P+I+R3      3748.001     77  7650.002     7678.670     7974.063
WARNING: Number of threads seems too high for short alignments. Use -T AUTO to determine best number of threads.
138  HKY+R3        3749.541     76  7651.082     7678.949     7970.935
WARNING: Number of threads seems too high for short alignments. Use -T AUTO to determine best number of threads.
146  HKY+I+R2      3753.362     75  7656.724     7683.802     7972.368
WARNING: Number of threads seems too high for short alignments. Use -T AUTO to determine best number of threads.
147  HKY+I+R3      3747.940     77  7649.880     7678.548     7973.941
WARNING: Number of threads seems too high for short alignments. Use -T AUTO to determine best number of threads.
160  HKY+F+R3      3722.386     79  7602.771     7633.083     7935.250
WARNING: Number of threads seems too high for short alignments. Use -T AUTO to determine best number of threads.
168  HKY+F+I+R2    3726.275     78  7608.551     7638.034     7936.821
WARNING: Number of threads seems too high for short alignments. Use -T AUTO to determine best number of threads.
169  HKY+F+I+R3    3720.376     80  7600.752     7631.906     7937.439
WARNING: Number of threads seems too high for short alignments. Use -T AUTO to determine best number of threads.
182  TNe+R3        3741.370     77  7636.740     7665.408     7960.801
WARNING: Number of threads seems too high for short alignments. Use -T AUTO to determine best number of threads.
190  TNe+I+R2      3745.739     76  7643.478     7671.344     7963.331
WARNING: Number of threads seems too high for short alignments. Use -T AUTO to determine best number of threads.
191  TNe+I+R3      3739.368     78  7634.736     7664.219     7963.006
204  TNe+R3        3741.370     77  7636.740     7665.408     7960.801
212  TNe+I+R2      3745.739     76  7643.478     7671.344     7963.331
213  TNe+I+R3      3739.368     78  7634.736     7664.219     7963.006
WARNING: Number of threads seems too high for short alignments. Use -T AUTO to determine best number of threads.
226  TN+R3         3741.306     77  7636.613     7665.281     7960.674
WARNING: Number of threads seems too high for short alignments. Use -T AUTO to determine best number of threads.
234  TN+I+R2       3745.735     76  7643.470     7671.337     7963.323
WARNING: Number of threads seems too high for short alignments. Use -T AUTO to determine best number of threads.
235  TN+I+R3       3739.247     78  7634.493     7663.976     7962.763
WARNING: Number of threads seems too high for short alignments. Use -T AUTO to determine best number of threads.
248  TN+F+R3       3722.266     80  7604.532     7635.686     7941.220
WARNING: Number of threads seems too high for short alignments. Use -T AUTO to determine best number of threads.
256  TN+F+I+R2     3726.189     79  7610.377     7640.689     7942.856
WARNING: Number of threads seems too high for short alignments. Use -T AUTO to determine best number of threads.
257  TN+F+I+R3     3720.167     81  7602.335     7634.344     7943.230
WARNING: Number of threads seems too high for short alignments. Use -T AUTO to determine best number of threads.
270  K3P+R3        3747.659     77  7649.318     7677.986     7973.379
WARNING: Number of threads seems too high for short alignments. Use -T AUTO to determine best number of threads.
278  K3P+I+R2      3750.675     76  7653.350     7681.217     7973.203
WARNING: Number of threads seems too high for short alignments. Use -T AUTO to determine best number of threads.
279  K3P+I+R3      3745.887     78  7647.774     7677.257     7976.044
292  K3P+R3        3747.659     77  7649.318     7677.986     7973.379
300  K3P+I+R2      3750.675     76  7653.350     7681.217     7973.203
301  K3P+I+R3      3745.887     78  7647.774     7677.257     7976.044
WARNING: Number of threads seems too high for short alignments. Use -T AUTO to determine best number of threads.
314  K3Pu+R3       3747.601     77  7649.203     7677.871     7973.264
WARNING: Number of threads seems too high for short alignments. Use -T AUTO to determine best number of threads.
322  K3Pu+I+R2     3750.675     76  7653.349     7681.216     7973.202
WARNING: Number of threads seems too high for short alignments. Use -T AUTO to determine best number of threads.
323  K3Pu+I+R3     3745.854     78  7647.708     7677.191     7975.978
WARNING: Number of threads seems too high for short alignments. Use -T AUTO to determine best number of threads.
336  K3Pu+F+R3     3720.071     80  7600.142     7631.296     7936.830
WARNING: Number of threads seems too high for short alignments. Use -T AUTO to determine best number of threads.
344  K3Pu+F+I+R2   3723.297     79  7604.593     7634.905     7937.072
WARNING: Number of threads seems too high for short alignments. Use -T AUTO to determine best number of threads.
345  K3Pu+F+I+R3   3717.904     81  7597.809     7629.819     7938.705
WARNING: Number of threads seems too high for short alignments. Use -T AUTO to determine best number of threads.
358  TPM2+R3       3738.722     77  7631.443     7660.112     7955.505
WARNING: Number of threads seems too high for short alignments. Use -T AUTO to determine best number of threads.
366  TPM2+I+R2     3743.513     76  7639.026     7666.893     7958.879
WARNING: Number of threads seems too high for short alignments. Use -T AUTO to determine best number of threads.
367  TPM2+I+R3     3738.231     78  7632.463     7661.946     7960.733
380  TPM2+R3       3738.722     77  7631.443     7660.112     7955.505
388  TPM2+I+R2     3743.513     76  7639.026     7666.893     7958.879
389  TPM2+I+R3     3738.231     78  7632.463     7661.946     7960.733
WARNING: Number of threads seems too high for short alignments. Use -T AUTO to determine best number of threads.
402  TPM2u+R3      3738.686     77  7631.371     7660.040     7955.433
WARNING: Number of threads seems too high for short alignments. Use -T AUTO to determine best number of threads.
410  TPM2u+I+R2    3743.513     76  7639.027     7666.893     7958.880
WARNING: Number of threads seems too high for short alignments. Use -T AUTO to determine best number of threads.
411  TPM2u+I+R3    3738.197     78  7632.394     7661.877     7960.664
WARNING: Number of threads seems too high for short alignments. Use -T AUTO to determine best number of threads.
424  TPM2u+F+R3    3715.059     80  7590.118     7621.272     7926.805
WARNING: Number of threads seems too high for short alignments. Use -T AUTO to determine best number of threads.
432  TPM2u+F+I+R2  3719.465     79  7596.931     7627.243     7929.409
WARNING: Number of threads seems too high for short alignments. Use -T AUTO to determine best number of threads.
433  TPM2u+F+I+R3  3713.915     81  7589.830     7621.840     7930.726
WARNING: Number of threads seems too high for short alignments. Use -T AUTO to determine best number of threads.
446  TPM3+R3       3743.884     77  7641.767     7670.435     7965.829
WARNING: Number of threads seems too high for short alignments. Use -T AUTO to determine best number of threads.
454  TPM3+I+R2     3748.478     76  7648.955     7676.822     7968.808
WARNING: Number of threads seems too high for short alignments. Use -T AUTO to determine best number of threads.
455  TPM3+I+R3     3743.037     78  7642.074     7671.557     7970.344
468  TPM3+R3       3743.884     77  7641.767     7670.435     7965.829
476  TPM3+I+R2     3748.478     76  7648.955     7676.822     7968.808
477  TPM3+I+R3     3743.037     78  7642.074     7671.557     7970.344
WARNING: Number of threads seems too high for short alignments. Use -T AUTO to determine best number of threads.
490  TPM3u+R3      3743.843     77  7641.687     7670.355     7965.748
WARNING: Number of threads seems too high for short alignments. Use -T AUTO to determine best number of threads.
498  TPM3u+I+R2    3748.474     76  7648.948     7676.815     7968.801
WARNING: Number of threads seems too high for short alignments. Use -T AUTO to determine best number of threads.
499  TPM3u+I+R3    3743.034     78  7642.069     7671.552     7970.339
WARNING: Number of threads seems too high for short alignments. Use -T AUTO to determine best number of threads.
512  TPM3u+F+R3    3711.410     80  7582.819     7613.973     7919.507
WARNING: Number of threads seems too high for short alignments. Use -T AUTO to determine best number of threads.
520  TPM3u+F+I+R2  3716.924     79  7591.848     7622.160     7924.327
WARNING: Number of threads seems too high for short alignments. Use -T AUTO to determine best number of threads.
521  TPM3u+F+I+R3  3710.677     81  7583.354     7615.364     7924.250
WARNING: Number of threads seems too high for short alignments. Use -T AUTO to determine best number of threads.
534  TIMe+R3       3739.410     78  7634.819     7664.302     7963.089
WARNING: Number of threads seems too high for short alignments. Use -T AUTO to determine best number of threads.
542  TIMe+I+R2     3743.207     77  7640.414     7669.082     7964.475
WARNING: Number of threads seems too high for short alignments. Use -T AUTO to determine best number of threads.
543  TIMe+I+R3     3737.461     79  7632.922     7663.234     7965.401
556  TIMe+R3       3739.410     78  7634.819     7664.302     7963.089
564  TIMe+I+R2     3743.207     77  7640.414     7669.082     7964.475
565  TIMe+I+R3     3737.461     79  7632.922     7663.234     7965.401
WARNING: Number of threads seems too high for short alignments. Use -T AUTO to determine best number of threads.
578  TIM+R3        3739.366     78  7634.733     7664.216     7963.003
WARNING: Number of threads seems too high for short alignments. Use -T AUTO to determine best number of threads.
586  TIM+I+R2      3743.203     77  7640.406     7669.074     7964.468
WARNING: Number of threads seems too high for short alignments. Use -T AUTO to determine best number of threads.
587  TIM+I+R3      3737.359     79  7632.718     7663.030     7965.196
WARNING: Number of threads seems too high for short alignments. Use -T AUTO to determine best number of threads.
600  TIM+F+R3      3719.975     81  7601.949     7633.959     7942.845
WARNING: Number of threads seems too high for short alignments. Use -T AUTO to determine best number of threads.
608  TIM+F+I+R2    3723.201     80  7606.402     7637.556     7943.090
WARNING: Number of threads seems too high for short alignments. Use -T AUTO to determine best number of threads.
609  TIM+F+I+R3    3717.905     82  7599.809     7632.688     7944.914
WARNING: Number of threads seems too high for short alignments. Use -T AUTO to determine best number of threads.
622  TIM2e+R3      3730.959     78  7617.919     7647.402     7946.189
WARNING: Number of threads seems too high for short alignments. Use -T AUTO to determine best number of threads.
630  TIM2e+I+R2    3736.026     77  7626.053     7654.721     7950.114
WARNING: Number of threads seems too high for short alignments. Use -T AUTO to determine best number of threads.
631  TIM2e+I+R3    3730.032     79  7618.064     7648.376     7950.543
644  TIM2e+R3      3730.959     78  7617.919     7647.402     7946.189
652  TIM2e+I+R2    3736.026     77  7626.053     7654.721     7950.114
653  TIM2e+I+R3    3730.032     79  7618.064     7648.376     7950.543
WARNING: Number of threads seems too high for short alignments. Use -T AUTO to determine best number of threads.
666  TIM2+R3       3730.921     78  7617.843     7647.326     7946.113
WARNING: Number of threads seems too high for short alignments. Use -T AUTO to determine best number of threads.
674  TIM2+I+R2     3736.020     77  7626.041     7654.709     7950.102
WARNING: Number of threads seems too high for short alignments. Use -T AUTO to determine best number of threads.
675  TIM2+I+R3     3730.018     79  7618.036     7648.348     7950.515
WARNING: Number of threads seems too high for short alignments. Use -T AUTO to determine best number of threads.
688  TIM2+F+R3     3714.951     81  7591.902     7623.912     7932.798
WARNING: Number of threads seems too high for short alignments. Use -T AUTO to determine best number of threads.
696  TIM2+F+I+R2   3719.356     80  7598.713     7629.867     7935.400
WARNING: Number of threads seems too high for short alignments. Use -T AUTO to determine best number of threads.
697  TIM2+F+I+R3   3713.893     82  7591.786     7624.665     7936.890
WARNING: Number of threads seems too high for short alignments. Use -T AUTO to determine best number of threads.
710  TIM3e+R3      3735.295     78  7626.591     7656.074     7954.861
WARNING: Number of threads seems too high for short alignments. Use -T AUTO to determine best number of threads.
718  TIM3e+I+R2    3740.845     77  7635.691     7664.359     7959.752
WARNING: Number of threads seems too high for short alignments. Use -T AUTO to determine best number of threads.
719  TIM3e+I+R3    3733.916     79  7625.833     7656.144     7958.311
732  TIM3e+R3      3735.295     78  7626.591     7656.074     7954.861
740  TIM3e+I+R2    3740.845     77  7635.691     7664.359     7959.752
741  TIM3e+I+R3    3733.916     79  7625.833     7656.144     7958.311
WARNING: Number of threads seems too high for short alignments. Use -T AUTO to determine best number of threads.
754  TIM3+R3       3735.269     78  7626.539     7656.022     7954.809
WARNING: Number of threads seems too high for short alignments. Use -T AUTO to determine best number of threads.
762  TIM3+I+R2     3740.845     77  7635.689     7664.357     7959.751
WARNING: Number of threads seems too high for short alignments. Use -T AUTO to determine best number of threads.
763  TIM3+I+R3     3733.909     79  7625.818     7656.130     7958.297
WARNING: Number of threads seems too high for short alignments. Use -T AUTO to determine best number of threads.
776  TIM3+F+R3     3711.327     81  7584.654     7616.664     7925.550
WARNING: Number of threads seems too high for short alignments. Use -T AUTO to determine best number of threads.
784  TIM3+F+I+R2   3716.825     80  7593.651     7624.805     7930.338
WARNING: Number of threads seems too high for short alignments. Use -T AUTO to determine best number of threads.
785  TIM3+F+I+R3   3710.721     82  7585.442     7618.322     7930.547
WARNING: Number of threads seems too high for short alignments. Use -T AUTO to determine best number of threads.
798  TVMe+R3       3732.707     79  7623.414     7653.726     7955.893
WARNING: Number of threads seems too high for short alignments. Use -T AUTO to determine best number of threads.
806  TVMe+I+R2     3737.504     78  7631.007     7660.490     7959.277
WARNING: Number of threads seems too high for short alignments. Use -T AUTO to determine best number of threads.
807  TVMe+I+R3     3732.843     80  7625.685     7656.839     7962.372
820  TVMe+R3       3732.707     79  7623.414     7653.726     7955.893
828  TVMe+I+R2     3737.504     78  7631.007     7660.490     7959.277
829  TVMe+I+R3     3732.843     80  7625.685     7656.839     7962.372
WARNING: Number of threads seems too high for short alignments. Use -T AUTO to determine best number of threads.
842  TVM+R3        3732.697     79  7623.395     7653.707     7955.874
WARNING: Number of threads seems too high for short alignments. Use -T AUTO to determine best number of threads.
850  TVM+I+R2      3737.502     78  7631.004     7660.488     7959.274
WARNING: Number of threads seems too high for short alignments. Use -T AUTO to determine best number of threads.
851  TVM+I+R3      3732.775     80  7625.549     7656.703     7962.237
WARNING: Number of threads seems too high for short alignments. Use -T AUTO to determine best number of threads.
864  TVM+F+R3      3703.799     82  7571.599     7604.478     7916.703
WARNING: Number of threads seems too high for short alignments. Use -T AUTO to determine best number of threads.
872  TVM+F+I+R2    3708.855     81  7579.710     7611.720     7920.606
WARNING: Number of threads seems too high for short alignments. Use -T AUTO to determine best number of threads.
873  TVM+F+I+R3    3703.530     83  7573.061     7606.823     7922.374
WARNING: Number of threads seems too high for short alignments. Use -T AUTO to determine best number of threads.
886  SYM+R3        3724.704     80  7609.409     7640.562     7946.096
WARNING: Number of threads seems too high for short alignments. Use -T AUTO to determine best number of threads.
894  SYM+I+R2      3730.074     79  7618.147     7648.459     7950.626
WARNING: Number of threads seems too high for short alignments. Use -T AUTO to determine best number of threads.
895  SYM+I+R3      3724.294     81  7610.587     7642.597     7951.483
908  SYM+R3        3724.704     80  7609.409     7640.562     7946.096
916  SYM+I+R2      3730.074     79  7618.147     7648.459     7950.626
917  SYM+I+R3      3724.294     81  7610.587     7642.597     7951.483
WARNING: Number of threads seems too high for short alignments. Use -T AUTO to determine best number of threads.
930  GTR+R3        3724.672     80  7609.345     7640.499     7946.032
WARNING: Number of threads seems too high for short alignments. Use -T AUTO to determine best number of threads.
938  GTR+I+R2      3730.072     79  7618.144     7648.456     7950.623
WARNING: Number of threads seems too high for short alignments. Use -T AUTO to determine best number of threads.
939  GTR+I+R3      3724.290     81  7610.579     7642.589     7951.475
WARNING: Number of threads seems too high for short alignments. Use -T AUTO to determine best number of threads.
952  GTR+F+R3      3703.691     83  7573.382     7607.145     7922.695
WARNING: Number of threads seems too high for short alignments. Use -T AUTO to determine best number of threads.
960  GTR+F+I+R2    3708.725     82  7581.451     7614.330     7926.555
WARNING: Number of threads seems too high for short alignments. Use -T AUTO to determine best number of threads.
961  GTR+F+I+R3    3703.501     84  7575.002     7609.662     7928.524
Akaike Information Criterion:           TVM+F+R3
Corrected Akaike Information Criterion: TVM+F+R3
Bayesian Information Criterion:         TVM+F+R3
Best-fit model: TVM+F+R3 chosen according to BIC

All model information printed to aln_segment_6959_to_7455.model.gz
CPU time for ModelFinder: 8.250 seconds (0h:0m:8s)
Wall-clock time for ModelFinder: 2.162 seconds (0h:0m:2s)
Generating 1000 samples for ultrafast bootstrap (seed: 188919)...

NOTE: 1 MB RAM (0 GB) is required!
WARNING: Number of threads seems too high for short alignments. Use -T AUTO to determine best number of threads.
Estimate model parameters (epsilon = 0.100)
1. Initial log-likelihood: -3703.861
2. Current log-likelihood: -3703.756
Optimal log-likelihood: -3703.734
Rate parameters:  A-C: 3.91295  A-G: 9.16146  A-T: 1.50503  C-G: 1.64348  C-T: 9.16146  G-T: 1.00000
Base frequencies:  A: 0.331  C: 0.176  G: 0.278  T: 0.215
Site proportion and rates:  (0.701,0.130) (0.229,1.796) (0.070,7.122)
Parameters optimization took 2 rounds (0.017 sec)
Wrote distance file to... 
Computing ML distances based on estimated model parameters...
Calculating distance matrix: done in 0.0012124 secs
Computing ML distances took 0.001288 sec (of wall-clock time) 0.000000 sec (of CPU time)
Setting up auxiliary I and S matrices: done in 5.49e-05 secs
Constructing RapidNJ tree: done in 0.0001353 secs
Computing RapidNJ tree took 0.000240 sec (of wall-clock time) 0.000000 sec (of CPU time)
Log-likelihood of RapidNJ tree: -3713.436
--------------------------------------------------------------------
|             INITIALIZING CANDIDATE TREE SET                      |
--------------------------------------------------------------------
Generating 98 parsimony trees... 0.184 second
Computing log-likelihood of 98 initial trees ... 0.149 seconds
Current best score: -3703.734

Do NNI search on 20 best initial trees
Optimizing NNI: done in 0.0103045 secs
Estimate model parameters (epsilon = 0.100)
BETTER TREE FOUND at iteration 1: -3703.723
Optimizing NNI: done in 0.0156273 secs using 300% CPU
Estimate model parameters (epsilon = 0.100)
BETTER TREE FOUND at iteration 2: -3703.217
Optimizing NNI: done in 0.0278246 secs using 449.2% CPU
Estimate model parameters (epsilon = 0.100)
BETTER TREE FOUND at iteration 3: -3701.768
Optimizing NNI: done in 0.0298721 secs using 418.5% CPU
Estimate model parameters (epsilon = 0.100)
BETTER TREE FOUND at iteration 4: -3698.949
Optimizing NNI: done in 0.0264176 secs using 236.6% CPU
Optimizing NNI: done in 0.0181101 secs using 603.9% CPU
Optimizing NNI: done in 0.0291596 secs using 428.7% CPU
Optimizing NNI: done in 0.0430503 secs using 145.2% CPU
Optimizing NNI: done in 0.0286967 secs using 435.6% CPU
Optimizing NNI: done in 0.0255222 secs using 489.8% CPU
Iteration 10 / LogL: -3704.399 / Time: 0h:0m:2s
Optimizing NNI: done in 0.0307464 secs using 406.6% CPU
Optimizing NNI: done in 0.0195988 secs using 318.9% CPU
Optimizing NNI: done in 0.0208247 secs using 450.2% CPU
Optimizing NNI: done in 0.0404176 secs using 309.3% CPU
Optimizing NNI: done in 0.0284322 secs using 439.6% CPU
Optimizing NNI: done in 0.0302198 secs using 361.9% CPU
Optimizing NNI: done in 0.0209725 secs using 298% CPU
Optimizing NNI: done in 0.0229556 secs using 544.5% CPU
Optimizing NNI: done in 0.042198 secs using 444.3% CPU
Optimizing NNI: done in 0.0375612 secs using 332.8% CPU
Iteration 20 / LogL: -3700.701 / Time: 0h:0m:3s
Finish initializing candidate tree set (20)
Current best tree score: -3698.949 / CPU time: 0.942
Number of iterations: 20
--------------------------------------------------------------------
|               OPTIMIZING CANDIDATE TREE SET                      |
--------------------------------------------------------------------
Optimizing NNI: done in 0.0412303 secs using 454.8% CPU
Optimizing NNI: done in 0.0487756 secs using 384.4% CPU
Optimizing NNI: done in 0.0452646 secs using 414.2% CPU
Optimizing NNI: done in 0.0407102 secs using 307% CPU
Optimizing NNI: done in 0.0400344 secs using 312.2% CPU
Optimizing NNI: done in 0.0286691 secs using 272.5% CPU
Optimizing NNI: done in 0.0429934 secs using 290.7% CPU
Optimizing NNI: done in 0.028392 secs using 220.1% CPU
Optimizing NNI: done in 0.0242535 secs using 257.7% CPU
Optimizing NNI: done in 0.0359248 secs using 434.9% CPU
Iteration 30 / LogL: -3702.956 / Time: 0h:0m:3s (0h:0m:3s left)
Optimizing NNI: done in 0.0271859 secs using 459.8% CPU
Optimizing NNI: done in 0.0299649 secs using 417.2% CPU
Optimizing NNI: done in 0.0265771 secs using 470.3% CPU
Optimizing NNI: done in 0.0271489 secs using 460.4% CPU
Optimizing NNI: done in 0.026432 secs using 472.9% CPU
Estimate model parameters (epsilon = 0.100)
BETTER TREE FOUND at iteration 35: -3697.407
Optimizing NNI: done in 0.0318444 secs using 490.7% CPU
Optimizing NNI: done in 0.0283232 secs using 441.3% CPU
Optimizing NNI: done in 0.0331421 secs using 377.2% CPU
Optimizing NNI: done in 0.0319741 secs using 390.9% CPU
Optimizing NNI: done in 0.0270536 secs using 404.3% CPU
Iteration 40 / LogL: -3698.958 / Time: 0h:0m:3s (0h:0m:4s left)
Optimizing NNI: done in 0.0330021 secs using 473.5% CPU
Optimizing NNI: done in 0.0219037 secs using 285.3% CPU
Optimizing NNI: done in 0.0290023 secs using 431% CPU
Optimizing NNI: done in 0.038804 secs using 281.9% CPU
Optimizing NNI: done in 0.0376961 secs using 497.4% CPU
Optimizing NNI: done in 0.0405297 secs using 462.6% CPU
UPDATE BEST LOG-LIKELIHOOD: -3697.406
Optimizing NNI: done in 0.0335804 secs using 372.2% CPU
Optimizing NNI: done in 0.0353119 secs using 398.2% CPU
Optimizing NNI: done in 0.02833 secs using 441.2% CPU
Optimizing NNI: done in 0.037429 secs using 500.9% CPU
Iteration 50 / LogL: -3699.494 / Time: 0h:0m:4s (0h:0m:3s left)
Log-likelihood cutoff on original alignment: -3726.144
Optimizing NNI: done in 0.026707 secs using 409.5% CPU
Optimizing NNI: done in 0.028138 secs using 444.2% CPU
Optimizing NNI: done in 0.0443791 secs using 316.9% CPU
Optimizing NNI: done in 0.0281279 secs using 222.2% CPU
Optimizing NNI: done in 0.0351879 secs using 355.2% CPU
Optimizing NNI: done in 0.0381106 secs using 492% CPU
Estimate model parameters (epsilon = 0.100)
BETTER TREE FOUND at iteration 56: -3696.814
Optimizing NNI: done in 0.0305465 secs using 409.2% CPU
BETTER TREE FOUND at iteration 57: -3696.810
Optimizing NNI: done in 0.0194685 secs using 642.1% CPU
Optimizing NNI: done in 0.0308613 secs using 405% CPU
UPDATE BEST LOG-LIKELIHOOD: -3696.810
Optimizing NNI: done in 0.028069 secs using 445.3% CPU
Iteration 60 / LogL: -3697.553 / Time: 0h:0m:4s (0h:0m:4s left)
Optimizing NNI: done in 0.0274449 secs using 455.5% CPU
Optimizing NNI: done in 0.0298757 secs using 418.4% CPU
Optimizing NNI: done in 0.0238025 secs using 196.9% CPU
Optimizing NNI: done in 0.0296369 secs using 369.1% CPU
Optimizing NNI: done in 0.027028 secs using 231.2% CPU
Optimizing NNI: done in 0.0242787 secs using 257.4% CPU
Optimizing NNI: done in 0.0286073 secs using 327.7% CPU
Optimizing NNI: done in 0.0359142 secs using 261% CPU
Optimizing NNI: done in 0.0220634 secs using 566.5% CPU
Optimizing NNI: done in 0.0235668 secs using 265.2% CPU
Iteration 70 / LogL: -3701.692 / Time: 0h:0m:5s (0h:0m:3s left)
Optimizing NNI: done in 0.0377557 secs using 331.1% CPU
Optimizing NNI: done in 0.0323383 secs using 386.5% CPU
Optimizing NNI: done in 0.0438328 secs using 427.8% CPU
Optimizing NNI: done in 0.0331161 secs using 377.5% CPU
Optimizing NNI: done in 0.0284765 secs using 329.2% CPU
Optimizing NNI: done in 0.0336678 secs using 556.9% CPU
Optimizing NNI: done in 0.0298124 secs using 366.9% CPU
Optimizing NNI: done in 0.0346421 secs using 315.7% CPU
Optimizing NNI: done in 0.0286573 secs using 272.6% CPU
Optimizing NNI: done in 0.031218 secs using 400.4% CPU
Iteration 80 / LogL: -3696.812 / Time: 0h:0m:5s (0h:0m:3s left)
Optimizing NNI: done in 0.0178309 secs using 350.5% CPU
Optimizing NNI: done in 0.0204452 secs using 382.1% CPU
Optimizing NNI: done in 0.0357271 secs using 349.9% CPU
Optimizing NNI: done in 0.0233815 secs using 267.3% CPU
Optimizing NNI: done in 0.0342726 secs using 364.7% CPU
Optimizing NNI: done in 0.0462203 secs using 405.7% CPU
Optimizing NNI: done in 0.0295306 secs using 264.6% CPU
Optimizing NNI: done in 0.0281249 secs using 277.8% CPU
Optimizing NNI: done in 0.0348796 secs using 358.4% CPU
Optimizing NNI: done in 0.0304299 secs using 410.8% CPU
Iteration 90 / LogL: -3698.798 / Time: 0h:0m:5s (0h:0m:2s left)
Optimizing NNI: done in 0.0309834 secs using 403.4% CPU
Optimizing NNI: done in 0.0379453 secs using 329.4% CPU
Optimizing NNI: done in 0.026516 secs using 235.7% CPU
Optimizing NNI: done in 0.0420605 secs using 297.2% CPU
Optimizing NNI: done in 0.0405467 secs using 269.8% CPU
Optimizing NNI: done in 0.0462354 secs using 371.7% CPU
Optimizing NNI: done in 0.0363047 secs using 344.3% CPU
Optimizing NNI: done in 0.0394857 secs using 316.6% CPU
Optimizing NNI: done in 0.0340797 secs using 504.3% CPU
Optimizing NNI: done in 0.0316512 secs using 394.9% CPU
Iteration 100 / LogL: -3698.378 / Time: 0h:0m:6s (0h:0m:2s left)
Log-likelihood cutoff on original alignment: -3727.033
NOTE: Bootstrap correlation coefficient of split occurrence frequencies: 0.993
Optimizing NNI: done in 0.0398334 secs using 274.6% CPU
Optimizing NNI: done in 0.0405032 secs using 308.6% CPU
Optimizing NNI: done in 0.0399261 secs using 352.2% CPU
Optimizing NNI: done in 0.027573 secs using 396.7% CPU
Optimizing NNI: done in 0.0304483 secs using 307.9% CPU
Optimizing NNI: done in 0.0396638 secs using 315.1% CPU
Optimizing NNI: done in 0.0290912 secs using 429.7% CPU
Optimizing NNI: done in 0.0417299 secs using 449.3% CPU
Optimizing NNI: done in 0.0326372 secs using 383% CPU
UPDATE BEST LOG-LIKELIHOOD: -3696.810
Optimizing NNI: done in 0.0379624 secs using 370.4% CPU
Iteration 110 / LogL: -3697.069 / Time: 0h:0m:6s (0h:0m:3s left)
Optimizing NNI: done in 0.0291461 secs using 428.9% CPU
Optimizing NNI: done in 0.0373203 secs using 460.5% CPU
Optimizing NNI: done in 0.0255939 secs using 488.4% CPU
Optimizing NNI: done in 0.0296443 secs using 421.7% CPU
Optimizing NNI: done in 0.0331229 secs using 471.7% CPU
Estimate model parameters (epsilon = 0.100)
BETTER TREE FOUND at iteration 115: -3695.722
Optimizing NNI: done in 0.0329117 secs using 332.3% CPU
Optimizing NNI: done in 0.0372789 secs using 503% CPU
Optimizing NNI: done in 0.0250276 secs using 499.4% CPU
Optimizing NNI: done in 0.0304237 secs using 410.9% CPU
Optimizing NNI: done in 0.035334 secs using 486.4% CPU
Iteration 120 / LogL: -3696.901 / Time: 0h:0m:7s (0h:0m:3s left)
Optimizing NNI: done in 0.0222159 secs using 281.3% CPU
Optimizing NNI: done in 0.0315984 secs using 395.6% CPU
Optimizing NNI: done in 0.0243436 secs using 449.3% CPU
Optimizing NNI: done in 0.0291005 secs using 429.5% CPU
Optimizing NNI: done in 0.0278876 secs using 448.2% CPU
Optimizing NNI: done in 0.0418251 secs using 373.6% CPU
Optimizing NNI: done in 0.0366071 secs using 512.2% CPU
Optimizing NNI: done in 0.040683 secs using 460.9% CPU
Optimizing NNI: done in 0.030511 secs using 409.7% CPU
Optimizing NNI: done in 0.0434809 secs using 431.2% CPU
Iteration 130 / LogL: -3700.531 / Time: 0h:0m:7s (0h:0m:3s left)
Optimizing NNI: done in 0.040784 secs using 421.4% CPU
Optimizing NNI: done in 0.03467 secs using 450.7% CPU
Optimizing NNI: done in 0.0463253 secs using 303.6% CPU
Optimizing NNI: done in 0.0395764 secs using 394.8% CPU
Optimizing NNI: done in 0.0333112 secs using 375.2% CPU
Optimizing NNI: done in 0.0377702 secs using 330.9% CPU
Optimizing NNI: done in 0.0368311 secs using 339.4% CPU
Optimizing NNI: done in 0.0387554 secs using 443.5% CPU
Optimizing NNI: done in 0.0390035 secs using 480.7% CPU
Optimizing NNI: done in 0.0410305 secs using 457% CPU
Iteration 140 / LogL: -3698.845 / Time: 0h:0m:7s (0h:0m:3s left)
Optimizing NNI: done in 0.0336511 secs using 371.5% CPU
Optimizing NNI: done in 0.0208568 secs using 599.3% CPU
Optimizing NNI: done in 0.0298506 secs using 418.8% CPU
Optimizing NNI: done in 0.0338538 secs using 553.9% CPU
Optimizing NNI: done in 0.0278513 secs using 448.8% CPU
Optimizing NNI: done in 0.0275095 secs using 454.4% CPU
Optimizing NNI: done in 0.0325783 secs using 383.7% CPU
Optimizing NNI: done in 0.0235421 secs using 265.5% CPU
Optimizing NNI: done in 0.0363593 secs using 300.8% CPU
Optimizing NNI: done in 0.0412372 secs using 454.7% CPU
Iteration 150 / LogL: -3698.655 / Time: 0h:0m:8s (0h:0m:2s left)
Log-likelihood cutoff on original alignment: -3727.033
Optimizing NNI: done in 0.0512239 secs using 335.5% CPU
Optimizing NNI: done in 0.0295361 secs using 423.2% CPU
Optimizing NNI: done in 0.0362927 secs using 473.6% CPU
Optimizing NNI: done in 0.0280841 secs using 445.1% CPU
Optimizing NNI: done in 0.0326751 secs using 382.6% CPU
Optimizing NNI: done in 0.0319908 secs using 390.7% CPU
Optimizing NNI: done in 0.038114 secs using 491.9% CPU
Optimizing NNI: done in 0.0298229 secs using 419.1% CPU
Optimizing NNI: done in 0.0398016 secs using 431.8% CPU
Optimizing NNI: done in 0.0287026 secs using 435.5% CPU
Iteration 160 / LogL: -3696.903 / Time: 0h:0m:8s (0h:0m:2s left)
Optimizing NNI: done in 0.0294208 secs using 265.5% CPU
Optimizing NNI: done in 0.0499127 secs using 313% CPU
Optimizing NNI: done in 0.0430046 secs using 399.7% CPU
Optimizing NNI: done in 0.0401326 secs using 311.5% CPU
Optimizing NNI: done in 0.0262393 secs using 297.7% CPU
Optimizing NNI: done in 0.0313387 secs using 398.9% CPU
Optimizing NNI: done in 0.030586 secs using 408.7% CPU
UPDATE BEST LOG-LIKELIHOOD: -3695.721
Optimizing NNI: done in 0.0269843 secs using 289.5% CPU
Optimizing NNI: done in 0.0289323 secs using 270% CPU
Optimizing NNI: done in 0.0352424 secs using 354.7% CPU
UPDATE BEST LOG-LIKELIHOOD: -3695.720
Iteration 170 / LogL: -3695.720 / Time: 0h:0m:9s (0h:0m:1s left)
Optimizing NNI: done in 0.044596 secs using 280.3% CPU
Optimizing NNI: done in 0.0309238 secs using 404.2% CPU
Optimizing NNI: done in 0.0286575 secs using 436.2% CPU
UPDATE BEST LOG-LIKELIHOOD: -3695.720
Optimizing NNI: done in 0.0293078 secs using 213.3% CPU
Optimizing NNI: done in 0.0391811 secs using 279.2% CPU
Optimizing NNI: done in 0.029748 secs using 367.7% CPU
Optimizing NNI: done in 0.0222146 secs using 281.3% CPU
Optimizing NNI: done in 0.0287696 secs using 380.2% CPU
Optimizing NNI: done in 0.0307284 secs using 406.8% CPU
Optimizing NNI: done in 0.0306436 secs using 407.9% CPU
Iteration 180 / LogL: -3696.872 / Time: 0h:0m:9s (0h:0m:1s left)
Optimizing NNI: done in 0.0250645 secs using 249.4% CPU
Optimizing NNI: done in 0.0300285 secs using 312.2% CPU
Optimizing NNI: done in 0.0421329 secs using 445% CPU
Optimizing NNI: done in 0.0456066 secs using 376.9% CPU
Optimizing NNI: done in 0.0346276 secs using 451.2% CPU
Optimizing NNI: done in 0.0212826 secs using 293.7% CPU
Optimizing NNI: done in 0.0384401 secs using 325.2% CPU
Optimizing NNI: done in 0.0331399 secs using 565.8% CPU
Optimizing NNI: done in 0.0293111 secs using 426.5% CPU
Optimizing NNI: done in 0.032793 secs using 333.5% CPU
Iteration 190 / LogL: -3695.957 / Time: 0h:0m:9s (0h:0m:1s left)
Optimizing NNI: done in 0.0267505 secs using 175.2% CPU
Optimizing NNI: done in 0.0332783 secs using 375.6% CPU
Optimizing NNI: done in 0.024956 secs using 500.9% CPU
Optimizing NNI: done in 0.0304936 secs using 409.9% CPU
Optimizing NNI: done in 0.0238539 secs using 262% CPU
Optimizing NNI: done in 0.0275384 secs using 170.2% CPU
Optimizing NNI: done in 0.0264208 secs using 236.6% CPU
Optimizing NNI: done in 0.029927 secs using 417.7% CPU
Optimizing NNI: done in 0.0237482 secs using 460.6% CPU
Optimizing NNI: done in 0.0282514 secs using 442.5% CPU
Iteration 200 / LogL: -3698.741 / Time: 0h:0m:10s (0h:0m:0s left)
Log-likelihood cutoff on original alignment: -3722.519
NOTE: Bootstrap correlation coefficient of split occurrence frequencies: 0.993
Optimizing NNI: done in 0.0284035 secs using 385.1% CPU
Optimizing NNI: done in 0.0392337 secs using 318.6% CPU
Optimizing NNI: done in 0.029498 secs using 423.8% CPU
Optimizing NNI: done in 0.0376507 secs using 332% CPU
Optimizing NNI: done in 0.0334554 secs using 373.6% CPU
Optimizing NNI: done in 0.0277858 secs using 449.9% CPU
Optimizing NNI: done in 0.0291274 secs using 429.1% CPU
Optimizing NNI: done in 0.0290586 secs using 430.2% CPU
Optimizing NNI: done in 0.0300211 secs using 416.4% CPU
Optimizing NNI: done in 0.0296712 secs using 421.3% CPU
Iteration 210 / LogL: -3695.725 / Time: 0h:0m:10s (0h:0m:3s left)
Optimizing NNI: done in 0.0304521 secs using 410.5% CPU
Optimizing NNI: done in 0.034543 secs using 542.8% CPU
Optimizing NNI: done in 0.0282318 secs using 442.8% CPU
UPDATE BEST LOG-LIKELIHOOD: -3695.720
Optimizing NNI: done in 0.0329966 secs using 284.1% CPU
Optimizing NNI: done in 0.0242419 secs using 257.8% CPU
Optimizing NNI: done in 0.0289802 secs using 431.3% CPU
TREE SEARCH COMPLETED AFTER 216 ITERATIONS / Time: 0h:0m:10s

--------------------------------------------------------------------
|                    FINALIZING TREE SEARCH                        |
--------------------------------------------------------------------
Performs final model parameters optimization
Estimate model parameters (epsilon = 0.010)
1. Initial log-likelihood: -3695.720
2. Current log-likelihood: -3695.704
Optimal log-likelihood: -3695.691
Rate parameters:  A-C: 3.89004  A-G: 9.17122  A-T: 1.50830  C-G: 1.65222  C-T: 9.17122  G-T: 1.00000
Base frequencies:  A: 0.331  C: 0.176  G: 0.278  T: 0.215
Site proportion and rates:  (0.667,0.113) (0.236,1.388) (0.098,6.117)
Parameters optimization took 2 rounds (0.014 sec)
BEST SCORE FOUND : -3695.691
Creating bootstrap support values...
Split supports printed to NEXUS file aln_segment_6959_to_7455.splits.nex
Total tree length: 1.712

Total number of iterations: 216
CPU time used for tree search: 33.422 sec (0h:0m:33s)
Wall-clock time used for tree search: 8.657 sec (0h:0m:8s)
Total CPU time used: 42.203 sec (0h:0m:42s)
Total wall-clock time used: 10.963 sec (0h:0m:10s)

Computing bootstrap consensus tree...
Reading input file aln_segment_6959_to_7455.splits.nex...
37 taxa and 473 splits.
Consensus tree written to aln_segment_6959_to_7455.contree
Reading input trees file aln_segment_6959_to_7455.contree
Log-likelihood of consensus tree: -3697.056

Analysis results written to: 
  IQ-TREE report:                aln_segment_6959_to_7455.iqtree
  Maximum-likelihood tree:       aln_segment_6959_to_7455.treefile
  Likelihood distances:          aln_segment_6959_to_7455.mldist

Ultrafast bootstrap approximation results written to:
  Split support values:          aln_segment_6959_to_7455.splits.nex
  Consensus tree:                aln_segment_6959_to_7455.contree
  Screen log file:               aln_segment_6959_to_7455.log

Date and Time: Wed Aug 27 10:04:57 2025
