IQ-TREE version 3.0.1 for Windows 64-bit built May  5 2025
Developed by Bui Quang Minh, Thomas Wong, Nhan Ly-Trong, Huaiyan Ren
Contributed by Lam-Tung Nguyen, Dominik Schrempf, Chris Bielow,
Olga Chernomor, Michael Woodhams, Diep Thi Hoang, Heiko Schmidt

Host:    PC24030008 (AVX2, FMA3, 15 GB RAM)
Command: C:\Users\soage\IQTREE~1.1-W\bin\iqtree3.exe -s aln_segment_7456_to_7952.fasta -m MFP -B 1000 -T 4 -pre aln_segment_7456_to_7952
Seed:    391702 (Using SPRNG - Scalable Parallel Random Number Generator)
Time:    Wed Aug 27 10:04:57 2025
Kernel:  AVX+FMA - 4 threads (20 CPU cores detected)

Reading alignment file aln_segment_7456_to_7952.fasta ... Fasta format detected
Reading fasta file: done in 0.0002711 secs
Alignment most likely contains DNA/RNA sequences
Constructing alignment: done in 0.0003007 secs
Alignment has 37 sequences with 497 columns, 269 distinct patterns
191 parsimony-informative, 78 singleton sites, 228 constant sites
                                Gap/Ambiguity  Composition  p-value
Analyzing sequences: done in 1.00001e-05 secs
   1  B.FR.83.HXBLAI_IIIB_BRU.K03455    4.23%    passed     95.58%
   2  A                                 0.00%    passed     99.53%
   3  A1                                0.00%    passed     97.75%
   4  A2                                0.00%    passed     98.01%
   5  A3                                6.64%    passed     91.28%
   6  A6                                0.00%    passed     99.80%
   7  B                                 4.23%    passed     97.28%
   8  C                                 0.00%    passed     98.93%
   9  D                                 4.23%    passed     96.81%
  10  F1                                4.23%    passed     95.59%
  11  F2                                4.23%    passed     92.68%
  12  G                                 0.00%    passed     86.21%
  13  H                                 4.83%    passed     93.25%
  14  J                                 4.23%    passed     98.67%
  15  K                                 4.23%    passed     99.38%
  16  L                                 6.64%    passed     97.18%
  17  AE                                0.00%    passed     97.75%
  18  AG                                0.00%    passed     98.64%
  19  cpx                               4.23%    passed     94.38%
  20  DF                                4.23%    passed     97.70%
  21  BC                                0.00%    passed     97.49%
  22  CD                                4.23%    passed     99.68%
  23  BF                                4.23%    passed     96.12%
  24  BG                                0.00%    passed     99.75%
  25  01B                               0.00%    passed     99.80%
  26  A2D                               0.00%    passed     95.54%
  27  01A1                              0.00%    passed     93.72%
  28  A5U                               0.00%    passed     97.34%
  29  AD                                0.00%    passed     82.39%
  30  BF1                               4.23%    passed     57.30%
  31  02G                               0.00%    passed     96.75%
  32  A1D                               4.23%    passed     95.82%
  33  02A                               0.00%    passed     89.78%
  34  C2U                               0.00%    passed     99.99%
  35  02B                               4.23%    passed     71.14%
  36  01C                               0.00%    passed     99.35%
  37  CPZ                               0.00%    passed     38.50%
****  TOTAL                             2.09%  0 sequences failed composition chi2 test (p-value<5%; df=3)
Checking for duplicate sequences: done in 4e-05 secs


Create initial parsimony tree by phylogenetic likelihood library (PLL)... 0.002 seconds
WARNING: Number of threads seems too high for short alignments. Use -T AUTO to determine best number of threads.
Perform fast likelihood tree search using GTR+I+G model...
Estimate model parameters (epsilon = 5.000)
Perform nearest neighbor interchange...
Optimizing NNI: done in 0.014248 secs
Estimate model parameters (epsilon = 1.000)
1. Initial log-likelihood: -4905.974
Optimal log-likelihood: -4905.949
Rate parameters:  A-C: 3.58129  A-G: 6.41384  A-T: 1.13383  C-G: 1.06897  C-T: 5.08748  G-T: 1.00000
Base frequencies:  A: 0.315  C: 0.183  G: 0.260  T: 0.242
Proportion of invariable sites: 0.220
Gamma shape alpha: 0.633
Parameters optimization took 1 rounds (0.006 sec)
Time for fast ML tree search: 0.085 seconds

NOTE: ModelFinder requires 4 MB RAM!
ModelFinder will test up to 968 DNA models (sample size: 497 epsilon: 0.100) ...
 No. Model         -LnL         df  AIC          AICc         BIC
WARNING: Number of threads seems too high for short alignments. Use -T AUTO to determine best number of threads.
  1  JC            5524.335     71  11190.671    11214.727    11489.481
WARNING: Number of threads seems too high for short alignments. Use -T AUTO to determine best number of threads.
  2  JC+I          5252.992     72  10649.984    10674.776    10953.002
WARNING: Number of threads seems too high for short alignments. Use -T AUTO to determine best number of threads.
  3  JC+G4         5141.220     72  10426.440    10451.232    10729.458
WARNING: Number of threads seems too high for short alignments. Use -T AUTO to determine best number of threads.
  4  JC+I+G4       5137.775     73  10421.550    10447.091    10728.777
WARNING: Number of threads seems too high for short alignments. Use -T AUTO to determine best number of threads.
  5  JC+R2         5158.888     73  10463.777    10489.318    10771.004
WARNING: Number of threads seems too high for short alignments. Use -T AUTO to determine best number of threads.
  6  JC+R3         5134.669     75  10419.339    10446.417    10734.983
WARNING: Number of threads seems too high for short alignments. Use -T AUTO to determine best number of threads.
  7  JC+R4         5133.686     77  10421.372    10450.040    10745.434
WARNING: Number of threads seems too high for short alignments. Use -T AUTO to determine best number of threads.
 14  JC+I+R2       5134.759     74  10417.517    10443.821    10728.953
WARNING: Number of threads seems too high for short alignments. Use -T AUTO to determine best number of threads.
 15  JC+I+R3       5129.698     76  10411.397    10439.264    10731.250
 25  JC+G4         5141.220     72  10426.440    10451.232    10729.458
 26  JC+I+G4       5137.775     73  10421.550    10447.091    10728.777
 28  JC+R3         5134.669     75  10419.339    10446.417    10734.983
 36  JC+I+R2       5134.759     74  10417.517    10443.821    10728.953
 37  JC+I+R3       5129.698     76  10411.397    10439.264    10731.250
WARNING: Number of threads seems too high for short alignments. Use -T AUTO to determine best number of threads.
 47  F81+G4        5141.221     72  10426.443    10451.235    10729.461
WARNING: Number of threads seems too high for short alignments. Use -T AUTO to determine best number of threads.
 48  F81+I+G4      5137.775     73  10421.550    10447.092    10728.777
WARNING: Number of threads seems too high for short alignments. Use -T AUTO to determine best number of threads.
 50  F81+R3        5134.509     75  10419.018    10446.097    10734.662
WARNING: Number of threads seems too high for short alignments. Use -T AUTO to determine best number of threads.
 58  F81+I+R2      5134.745     74  10417.491    10443.794    10728.926
WARNING: Number of threads seems too high for short alignments. Use -T AUTO to determine best number of threads.
 59  F81+I+R3      5129.546     76  10411.093    10438.959    10730.946
WARNING: Number of threads seems too high for short alignments. Use -T AUTO to determine best number of threads.
 69  F81+F+G4      5094.566     75  10339.131    10366.209    10654.775
WARNING: Number of threads seems too high for short alignments. Use -T AUTO to determine best number of threads.
 70  F81+F+I+G4    5090.979     76  10333.958    10361.825    10653.811
WARNING: Number of threads seems too high for short alignments. Use -T AUTO to determine best number of threads.
 72  F81+F+R3      5087.129     78  10330.257    10359.741    10658.527
WARNING: Number of threads seems too high for short alignments. Use -T AUTO to determine best number of threads.
 80  F81+F+I+R2    5087.840     77  10329.680    10358.348    10653.741
WARNING: Number of threads seems too high for short alignments. Use -T AUTO to determine best number of threads.
 81  F81+F+I+R3    5082.107     79  10322.213    10352.525    10654.692
WARNING: Number of threads seems too high for short alignments. Use -T AUTO to determine best number of threads.
 91  K2P+G4        4986.069     73  10118.137    10143.679    10425.364
WARNING: Number of threads seems too high for short alignments. Use -T AUTO to determine best number of threads.
 92  K2P+I+G4      4982.252     74  10112.503    10138.806    10423.939
WARNING: Number of threads seems too high for short alignments. Use -T AUTO to determine best number of threads.
 94  K2P+R3        4978.077     76  10108.155    10136.022    10428.008
WARNING: Number of threads seems too high for short alignments. Use -T AUTO to determine best number of threads.
102  K2P+I+R2      4979.661     75  10109.321    10136.400    10424.966
WARNING: Number of threads seems too high for short alignments. Use -T AUTO to determine best number of threads.
103  K2P+I+R3      4973.186     77  10100.372    10129.041    10424.434
113  K2P+G4        4986.069     73  10118.137    10143.679    10425.364
114  K2P+I+G4      4982.252     74  10112.503    10138.806    10423.939
116  K2P+R3        4978.077     76  10108.155    10136.022    10428.008
124  K2P+I+R2      4979.661     75  10109.321    10136.400    10424.966
125  K2P+I+R3      4973.186     77  10100.372    10129.041    10424.434
WARNING: Number of threads seems too high for short alignments. Use -T AUTO to determine best number of threads.
135  HKY+G4        4986.071     73  10118.141    10143.683    10425.368
WARNING: Number of threads seems too high for short alignments. Use -T AUTO to determine best number of threads.
136  HKY+I+G4      4982.251     74  10112.502    10138.806    10423.938
WARNING: Number of threads seems too high for short alignments. Use -T AUTO to determine best number of threads.
138  HKY+R3        4978.039     76  10108.078    10135.945    10427.931
WARNING: Number of threads seems too high for short alignments. Use -T AUTO to determine best number of threads.
146  HKY+I+R2      4979.661     75  10109.321    10136.400    10424.966
WARNING: Number of threads seems too high for short alignments. Use -T AUTO to determine best number of threads.
147  HKY+I+R3      4973.091     77  10100.182    10128.851    10424.244
WARNING: Number of threads seems too high for short alignments. Use -T AUTO to determine best number of threads.
157  HKY+F+G4      4951.973     76  10055.946    10083.812    10375.798
WARNING: Number of threads seems too high for short alignments. Use -T AUTO to determine best number of threads.
158  HKY+F+I+G4    4948.284     77  10050.568    10079.237    10374.630
WARNING: Number of threads seems too high for short alignments. Use -T AUTO to determine best number of threads.
160  HKY+F+R3      4943.930     79  10045.860    10076.171    10378.338
WARNING: Number of threads seems too high for short alignments. Use -T AUTO to determine best number of threads.
168  HKY+F+I+R2    4945.805     78  10047.610    10077.093    10375.880
WARNING: Number of threads seems too high for short alignments. Use -T AUTO to determine best number of threads.
169  HKY+F+I+R3    4938.941     80  10037.882    10069.036    10374.569
WARNING: Number of threads seems too high for short alignments. Use -T AUTO to determine best number of threads.
179  TNe+G4        4968.927     74  10085.854    10112.158    10397.290
WARNING: Number of threads seems too high for short alignments. Use -T AUTO to determine best number of threads.
180  TNe+I+G4      4965.571     75  10081.142    10108.220    10396.786
WARNING: Number of threads seems too high for short alignments. Use -T AUTO to determine best number of threads.
182  TNe+R3        4962.078     77  10078.157    10106.825    10402.218
WARNING: Number of threads seems too high for short alignments. Use -T AUTO to determine best number of threads.
190  TNe+I+R2      4964.740     76  10081.481    10109.348    10401.334
WARNING: Number of threads seems too high for short alignments. Use -T AUTO to determine best number of threads.
191  TNe+I+R3      4955.979     78  10067.959    10097.442    10396.229
201  TNe+G4        4968.927     74  10085.854    10112.158    10397.290
202  TNe+I+G4      4965.571     75  10081.142    10108.220    10396.786
204  TNe+R3        4962.078     77  10078.157    10106.825    10402.218
212  TNe+I+R2      4964.740     76  10081.481    10109.348    10401.334
213  TNe+I+R3      4955.979     78  10067.959    10097.442    10396.229
WARNING: Number of threads seems too high for short alignments. Use -T AUTO to determine best number of threads.
223  TN+G4         4968.929     74  10085.857    10112.160    10397.293
WARNING: Number of threads seems too high for short alignments. Use -T AUTO to determine best number of threads.
224  TN+I+G4       4965.571     75  10081.141    10108.220    10396.786
WARNING: Number of threads seems too high for short alignments. Use -T AUTO to determine best number of threads.
226  TN+R3         4961.947     77  10077.895    10106.563    10401.956
WARNING: Number of threads seems too high for short alignments. Use -T AUTO to determine best number of threads.
234  TN+I+R2       4964.732     76  10081.464    10109.331    10401.317
WARNING: Number of threads seems too high for short alignments. Use -T AUTO to determine best number of threads.
235  TN+I+R3       4955.864     78  10067.728    10097.211    10395.998
WARNING: Number of threads seems too high for short alignments. Use -T AUTO to determine best number of threads.
245  TN+F+G4       4949.015     77  10052.031    10080.699    10376.092
WARNING: Number of threads seems too high for short alignments. Use -T AUTO to determine best number of threads.
246  TN+F+I+G4     4945.383     78  10046.765    10076.249    10375.035
WARNING: Number of threads seems too high for short alignments. Use -T AUTO to determine best number of threads.
248  TN+F+R3       4941.105     80  10042.210    10073.364    10378.898
WARNING: Number of threads seems too high for short alignments. Use -T AUTO to determine best number of threads.
256  TN+F+I+R2     4943.609     79  10045.218    10075.530    10377.697
WARNING: Number of threads seems too high for short alignments. Use -T AUTO to determine best number of threads.
257  TN+F+I+R3     4936.521     81  10035.043    10067.052    10375.939
WARNING: Number of threads seems too high for short alignments. Use -T AUTO to determine best number of threads.
267  K3P+G4        4973.120     74  10094.241    10120.544    10405.676
WARNING: Number of threads seems too high for short alignments. Use -T AUTO to determine best number of threads.
268  K3P+I+G4      4969.038     75  10088.076    10115.155    10403.720
WARNING: Number of threads seems too high for short alignments. Use -T AUTO to determine best number of threads.
270  K3P+R3        4964.392     77  10082.784    10111.453    10406.846
WARNING: Number of threads seems too high for short alignments. Use -T AUTO to determine best number of threads.
278  K3P+I+R2      4966.252     76  10084.504    10112.371    10404.357
WARNING: Number of threads seems too high for short alignments. Use -T AUTO to determine best number of threads.
279  K3P+I+R3      4959.050     78  10074.100    10103.583    10402.370
289  K3P+G4        4973.120     74  10094.241    10120.544    10405.676
290  K3P+I+G4      4969.038     75  10088.076    10115.155    10403.720
292  K3P+R3        4964.392     77  10082.784    10111.453    10406.846
300  K3P+I+R2      4966.252     76  10084.504    10112.371    10404.357
301  K3P+I+R3      4959.050     78  10074.100    10103.583    10402.370
WARNING: Number of threads seems too high for short alignments. Use -T AUTO to determine best number of threads.
311  K3Pu+G4       4973.123     74  10094.245    10120.549    10405.681
WARNING: Number of threads seems too high for short alignments. Use -T AUTO to determine best number of threads.
312  K3Pu+I+G4     4969.037     75  10088.074    10115.152    10403.718
WARNING: Number of threads seems too high for short alignments. Use -T AUTO to determine best number of threads.
314  K3Pu+R3       4964.379     77  10082.758    10111.427    10406.820
WARNING: Number of threads seems too high for short alignments. Use -T AUTO to determine best number of threads.
322  K3Pu+I+R2     4966.252     76  10084.504    10112.371    10404.357
WARNING: Number of threads seems too high for short alignments. Use -T AUTO to determine best number of threads.
323  K3Pu+I+R3     4959.042     78  10074.085    10103.568    10402.355
WARNING: Number of threads seems too high for short alignments. Use -T AUTO to determine best number of threads.
333  K3Pu+F+G4     4939.373     77  10032.746    10061.414    10356.807
WARNING: Number of threads seems too high for short alignments. Use -T AUTO to determine best number of threads.
334  K3Pu+F+I+G4   4935.384     78  10026.768    10056.251    10355.038
WARNING: Number of threads seems too high for short alignments. Use -T AUTO to determine best number of threads.
336  K3Pu+F+R3     4930.308     80  10020.616    10051.770    10357.303
WARNING: Number of threads seems too high for short alignments. Use -T AUTO to determine best number of threads.
344  K3Pu+F+I+R2   4932.782     79  10023.564    10053.876    10356.043
WARNING: Number of threads seems too high for short alignments. Use -T AUTO to determine best number of threads.
345  K3Pu+F+I+R3   4925.397     81  10012.794    10044.804    10353.690
WARNING: Number of threads seems too high for short alignments. Use -T AUTO to determine best number of threads.
355  TPM2+G4       4961.013     74  10070.026    10096.329    10381.461
WARNING: Number of threads seems too high for short alignments. Use -T AUTO to determine best number of threads.
356  TPM2+I+G4     4957.554     75  10065.108    10092.186    10380.752
WARNING: Number of threads seems too high for short alignments. Use -T AUTO to determine best number of threads.
358  TPM2+R3       4954.038     77  10062.076    10090.744    10386.137
WARNING: Number of threads seems too high for short alignments. Use -T AUTO to determine best number of threads.
366  TPM2+I+R2     4954.760     76  10061.520    10089.387    10381.373
WARNING: Number of threads seems too high for short alignments. Use -T AUTO to determine best number of threads.
367  TPM2+I+R3     4947.269     78  10050.538    10080.022    10378.808
377  TPM2+G4       4961.013     74  10070.026    10096.329    10381.461
378  TPM2+I+G4     4957.554     75  10065.108    10092.186    10380.752
380  TPM2+R3       4954.038     77  10062.076    10090.744    10386.137
388  TPM2+I+R2     4954.760     76  10061.520    10089.387    10381.373
389  TPM2+I+R3     4947.269     78  10050.538    10080.022    10378.808
WARNING: Number of threads seems too high for short alignments. Use -T AUTO to determine best number of threads.
399  TPM2u+G4      4961.015     74  10070.029    10096.333    10381.465
WARNING: Number of threads seems too high for short alignments. Use -T AUTO to determine best number of threads.
400  TPM2u+I+G4    4957.555     75  10065.109    10092.188    10380.754
WARNING: Number of threads seems too high for short alignments. Use -T AUTO to determine best number of threads.
402  TPM2u+R3      4953.910     77  10061.820    10090.489    10385.882
WARNING: Number of threads seems too high for short alignments. Use -T AUTO to determine best number of threads.
410  TPM2u+I+R2    4954.760     76  10061.521    10089.387    10381.373
WARNING: Number of threads seems too high for short alignments. Use -T AUTO to determine best number of threads.
411  TPM2u+I+R3    4947.236     78  10050.473    10079.956    10378.743
WARNING: Number of threads seems too high for short alignments. Use -T AUTO to determine best number of threads.
421  TPM2u+F+G4    4935.182     77  10024.364    10053.032    10348.425
WARNING: Number of threads seems too high for short alignments. Use -T AUTO to determine best number of threads.
422  TPM2u+F+I+G4  4931.652     78  10019.303    10048.786    10347.573
WARNING: Number of threads seems too high for short alignments. Use -T AUTO to determine best number of threads.
424  TPM2u+F+R3    4927.479     80  10014.957    10046.111    10351.644
WARNING: Number of threads seems too high for short alignments. Use -T AUTO to determine best number of threads.
432  TPM2u+F+I+R2  4928.714     79  10015.428    10045.740    10347.906
WARNING: Number of threads seems too high for short alignments. Use -T AUTO to determine best number of threads.
433  TPM2u+F+I+R3  4921.797     81  10005.594    10037.604    10346.490
WARNING: Number of threads seems too high for short alignments. Use -T AUTO to determine best number of threads.
443  TPM3+G4       4976.860     74  10101.721    10128.024    10413.157
WARNING: Number of threads seems too high for short alignments. Use -T AUTO to determine best number of threads.
444  TPM3+I+G4     4973.292     75  10096.584    10123.662    10412.228
WARNING: Number of threads seems too high for short alignments. Use -T AUTO to determine best number of threads.
446  TPM3+R3       4968.958     77  10091.916    10120.584    10415.977
WARNING: Number of threads seems too high for short alignments. Use -T AUTO to determine best number of threads.
454  TPM3+I+R2     4969.637     76  10091.274    10119.141    10411.127
WARNING: Number of threads seems too high for short alignments. Use -T AUTO to determine best number of threads.
455  TPM3+I+R3     4963.058     78  10082.116    10111.600    10410.386
465  TPM3+G4       4976.860     74  10101.721    10128.024    10413.157
466  TPM3+I+G4     4973.292     75  10096.584    10123.662    10412.228
468  TPM3+R3       4968.958     77  10091.916    10120.584    10415.977
476  TPM3+I+R2     4969.637     76  10091.274    10119.141    10411.127
477  TPM3+I+R3     4963.058     78  10082.116    10111.600    10410.386
WARNING: Number of threads seems too high for short alignments. Use -T AUTO to determine best number of threads.
487  TPM3u+G4      4976.862     74  10101.725    10128.028    10413.161
WARNING: Number of threads seems too high for short alignments. Use -T AUTO to determine best number of threads.
488  TPM3u+I+G4    4973.293     75  10096.585    10123.664    10412.230
WARNING: Number of threads seems too high for short alignments. Use -T AUTO to determine best number of threads.
490  TPM3u+R3      4968.957     77  10091.914    10120.582    10415.976
WARNING: Number of threads seems too high for short alignments. Use -T AUTO to determine best number of threads.
498  TPM3u+I+R2    4969.636     76  10091.272    10119.139    10411.125
WARNING: Number of threads seems too high for short alignments. Use -T AUTO to determine best number of threads.
499  TPM3u+I+R3    4963.055     78  10082.110    10111.593    10410.380
WARNING: Number of threads seems too high for short alignments. Use -T AUTO to determine best number of threads.
509  TPM3u+F+G4    4934.139     77  10022.278    10050.947    10346.340
WARNING: Number of threads seems too high for short alignments. Use -T AUTO to determine best number of threads.
510  TPM3u+F+I+G4  4930.638     78  10017.276    10046.760    10345.546
WARNING: Number of threads seems too high for short alignments. Use -T AUTO to determine best number of threads.
512  TPM3u+F+R3    4925.731     80  10011.462    10042.616    10348.149
WARNING: Number of threads seems too high for short alignments. Use -T AUTO to determine best number of threads.
520  TPM3u+F+I+R2  4926.978     79  10011.956    10042.268    10344.434
WARNING: Number of threads seems too high for short alignments. Use -T AUTO to determine best number of threads.
521  TPM3u+F+I+R3  4920.078     81  10002.156    10034.166    10343.052
WARNING: Number of threads seems too high for short alignments. Use -T AUTO to determine best number of threads.
531  TIMe+G4       4956.127     75  10062.253    10089.332    10377.898
WARNING: Number of threads seems too high for short alignments. Use -T AUTO to determine best number of threads.
532  TIMe+I+G4     4952.476     76  10056.951    10084.818    10376.804
WARNING: Number of threads seems too high for short alignments. Use -T AUTO to determine best number of threads.
534  TIMe+R3       4948.651     78  10053.301    10082.784    10381.571
WARNING: Number of threads seems too high for short alignments. Use -T AUTO to determine best number of threads.
542  TIMe+I+R2     4951.529     77  10057.057    10085.725    10381.119
WARNING: Number of threads seems too high for short alignments. Use -T AUTO to determine best number of threads.
543  TIMe+I+R3     4942.485     79  10042.970    10073.282    10375.449
553  TIMe+G4       4956.127     75  10062.253    10089.332    10377.898
554  TIMe+I+G4     4952.476     76  10056.951    10084.818    10376.804
556  TIMe+R3       4948.651     78  10053.301    10082.784    10381.571
564  TIMe+I+R2     4951.529     77  10057.057    10085.725    10381.119
565  TIMe+I+R3     4942.485     79  10042.970    10073.282    10375.449
WARNING: Number of threads seems too high for short alignments. Use -T AUTO to determine best number of threads.
575  TIM+G4        4956.128     75  10062.257    10089.335    10377.901
WARNING: Number of threads seems too high for short alignments. Use -T AUTO to determine best number of threads.
576  TIM+I+G4      4952.475     76  10056.951    10084.817    10376.804
WARNING: Number of threads seems too high for short alignments. Use -T AUTO to determine best number of threads.
578  TIM+R3        4948.545     78  10053.089    10082.573    10381.359
WARNING: Number of threads seems too high for short alignments. Use -T AUTO to determine best number of threads.
586  TIM+I+R2      4951.526     77  10057.051    10085.719    10381.113
WARNING: Number of threads seems too high for short alignments. Use -T AUTO to determine best number of threads.
587  TIM+I+R3      4942.376     79  10042.751    10073.063    10375.230
WARNING: Number of threads seems too high for short alignments. Use -T AUTO to determine best number of threads.
597  TIM+F+G4      4936.459     78  10028.918    10058.401    10357.188
WARNING: Number of threads seems too high for short alignments. Use -T AUTO to determine best number of threads.
598  TIM+F+I+G4    4932.494     79  10022.988    10053.300    10355.467
WARNING: Number of threads seems too high for short alignments. Use -T AUTO to determine best number of threads.
600  TIM+F+R3      4927.564     81  10017.129    10049.138    10358.024
WARNING: Number of threads seems too high for short alignments. Use -T AUTO to determine best number of threads.
608  TIM+F+I+R2    4930.619     80  10021.237    10052.391    10357.924
WARNING: Number of threads seems too high for short alignments. Use -T AUTO to determine best number of threads.
609  TIM+F+I+R3    4922.988     82  10009.975    10042.855    10355.080
WARNING: Number of threads seems too high for short alignments. Use -T AUTO to determine best number of threads.
619  TIM2e+G4      4944.084     75  10038.168    10065.247    10353.813
WARNING: Number of threads seems too high for short alignments. Use -T AUTO to determine best number of threads.
620  TIM2e+I+G4    4941.257     76  10034.514    10062.381    10354.367
WARNING: Number of threads seems too high for short alignments. Use -T AUTO to determine best number of threads.
622  TIM2e+R3      4938.660     78  10033.320    10062.804    10361.590
WARNING: Number of threads seems too high for short alignments. Use -T AUTO to determine best number of threads.
630  TIM2e+I+R2    4940.258     77  10034.517    10063.185    10358.578
WARNING: Number of threads seems too high for short alignments. Use -T AUTO to determine best number of threads.
631  TIM2e+I+R3    4931.276     79  10020.551    10050.863    10353.030
641  TIM2e+G4      4944.084     75  10038.168    10065.247    10353.813
642  TIM2e+I+G4    4941.257     76  10034.514    10062.381    10354.367
644  TIM2e+R3      4938.660     78  10033.320    10062.804    10361.590
652  TIM2e+I+R2    4940.258     77  10034.517    10063.185    10358.578
653  TIM2e+I+R3    4931.276     79  10020.551    10050.863    10353.030
WARNING: Number of threads seems too high for short alignments. Use -T AUTO to determine best number of threads.
663  TIM2+G4       4944.086     75  10038.171    10065.250    10353.816
WARNING: Number of threads seems too high for short alignments. Use -T AUTO to determine best number of threads.
664  TIM2+I+G4     4941.248     76  10034.497    10062.363    10354.350
WARNING: Number of threads seems too high for short alignments. Use -T AUTO to determine best number of threads.
666  TIM2+R3       4938.602     78  10033.205    10062.688    10361.475
WARNING: Number of threads seems too high for short alignments. Use -T AUTO to determine best number of threads.
674  TIM2+I+R2     4940.238     77  10034.477    10063.145    10358.538
WARNING: Number of threads seems too high for short alignments. Use -T AUTO to determine best number of threads.
675  TIM2+I+R3     4931.224     79  10020.448    10050.760    10352.926
WARNING: Number of threads seems too high for short alignments. Use -T AUTO to determine best number of threads.
685  TIM2+F+G4     4932.483     78  10020.966    10050.449    10349.236
WARNING: Number of threads seems too high for short alignments. Use -T AUTO to determine best number of threads.
686  TIM2+F+I+G4   4929.102     79  10016.204    10046.516    10348.683
WARNING: Number of threads seems too high for short alignments. Use -T AUTO to determine best number of threads.
688  TIM2+F+R3     4925.320     81  10012.640    10044.650    10353.536
WARNING: Number of threads seems too high for short alignments. Use -T AUTO to determine best number of threads.
696  TIM2+F+I+R2   4926.805     80  10013.611    10044.765    10350.298
WARNING: Number of threads seems too high for short alignments. Use -T AUTO to determine best number of threads.
697  TIM2+F+I+R3   4919.696     82  10003.391    10036.271    10348.496
WARNING: Number of threads seems too high for short alignments. Use -T AUTO to determine best number of threads.
707  TIM3e+G4      4960.335     75  10070.670    10097.749    10386.314
WARNING: Number of threads seems too high for short alignments. Use -T AUTO to determine best number of threads.
708  TIM3e+I+G4    4956.923     76  10065.846    10093.713    10385.699
WARNING: Number of threads seems too high for short alignments. Use -T AUTO to determine best number of threads.
710  TIM3e+R3      4953.013     78  10062.025    10091.508    10390.295
WARNING: Number of threads seems too high for short alignments. Use -T AUTO to determine best number of threads.
718  TIM3e+I+R2    4955.142     77  10064.283    10092.952    10388.345
WARNING: Number of threads seems too high for short alignments. Use -T AUTO to determine best number of threads.
719  TIM3e+I+R3    4946.764     79  10051.528    10081.839    10384.006
729  TIM3e+G4      4960.335     75  10070.670    10097.749    10386.314
730  TIM3e+I+G4    4956.923     76  10065.846    10093.713    10385.699
732  TIM3e+R3      4953.013     78  10062.025    10091.508    10390.295
740  TIM3e+I+R2    4955.142     77  10064.283    10092.952    10388.345
741  TIM3e+I+R3    4946.764     79  10051.528    10081.839    10384.006
WARNING: Number of threads seems too high for short alignments. Use -T AUTO to determine best number of threads.
751  TIM3+G4       4960.336     75  10070.672    10097.751    10386.317
WARNING: Number of threads seems too high for short alignments. Use -T AUTO to determine best number of threads.
752  TIM3+I+G4     4956.923     76  10065.845    10093.712    10385.698
WARNING: Number of threads seems too high for short alignments. Use -T AUTO to determine best number of threads.
754  TIM3+R3       4952.995     78  10061.990    10091.473    10390.260
WARNING: Number of threads seems too high for short alignments. Use -T AUTO to determine best number of threads.
762  TIM3+I+R2     4955.140     77  10064.280    10092.948    10388.341
WARNING: Number of threads seems too high for short alignments. Use -T AUTO to determine best number of threads.
763  TIM3+I+R3     4946.683     79  10051.366    10081.678    10383.845
WARNING: Number of threads seems too high for short alignments. Use -T AUTO to determine best number of threads.
773  TIM3+F+G4     4931.934     78  10019.868    10049.351    10348.138
WARNING: Number of threads seems too high for short alignments. Use -T AUTO to determine best number of threads.
774  TIM3+F+I+G4   4928.444     79  10014.888    10045.200    10347.367
WARNING: Number of threads seems too high for short alignments. Use -T AUTO to determine best number of threads.
776  TIM3+F+R3     4923.752     81  10009.504    10041.514    10350.400
WARNING: Number of threads seems too high for short alignments. Use -T AUTO to determine best number of threads.
784  TIM3+F+I+R2   4925.379     80  10010.759    10041.913    10347.446
WARNING: Number of threads seems too high for short alignments. Use -T AUTO to determine best number of threads.
785  TIM3+F+I+R3   4918.578     82  10001.155    10034.034    10346.260
WARNING: Number of threads seems too high for short alignments. Use -T AUTO to determine best number of threads.
795  TVMe+G4       4945.440     76  10042.880    10070.747    10362.733
WARNING: Number of threads seems too high for short alignments. Use -T AUTO to determine best number of threads.
796  TVMe+I+G4     4941.977     77  10037.954    10066.623    10362.016
WARNING: Number of threads seems too high for short alignments. Use -T AUTO to determine best number of threads.
798  TVMe+R3       4937.746     79  10033.492    10063.804    10365.971
WARNING: Number of threads seems too high for short alignments. Use -T AUTO to determine best number of threads.
806  TVMe+I+R2     4938.028     78  10032.057    10061.540    10360.327
WARNING: Number of threads seems too high for short alignments. Use -T AUTO to determine best number of threads.
807  TVMe+I+R3     4930.436     80  10020.872    10052.026    10357.559
817  TVMe+G4       4945.440     76  10042.880    10070.747    10362.733
818  TVMe+I+G4     4941.977     77  10037.954    10066.623    10362.016
820  TVMe+R3       4937.746     79  10033.492    10063.804    10365.971
828  TVMe+I+R2     4938.028     78  10032.057    10061.540    10360.327
829  TVMe+I+R3     4930.436     80  10020.872    10052.026    10357.559
WARNING: Number of threads seems too high for short alignments. Use -T AUTO to determine best number of threads.
839  TVM+G4        4945.442     76  10042.883    10070.750    10362.736
WARNING: Number of threads seems too high for short alignments. Use -T AUTO to determine best number of threads.
840  TVM+I+G4      4941.977     77  10037.954    10066.622    10362.015
WARNING: Number of threads seems too high for short alignments. Use -T AUTO to determine best number of threads.
842  TVM+R3        4937.672     79  10033.343    10063.655    10365.822
WARNING: Number of threads seems too high for short alignments. Use -T AUTO to determine best number of threads.
850  TVM+I+R2      4938.029     78  10032.058    10061.541    10360.328
WARNING: Number of threads seems too high for short alignments. Use -T AUTO to determine best number of threads.
851  TVM+I+R3      4930.434     80  10020.867    10052.021    10357.554
WARNING: Number of threads seems too high for short alignments. Use -T AUTO to determine best number of threads.
861  TVM+F+G4      4911.453     79  9980.906     10011.218    10313.385
WARNING: Number of threads seems too high for short alignments. Use -T AUTO to determine best number of threads.
862  TVM+F+I+G4    4907.784     80  9975.569     10006.723    10312.256
WARNING: Number of threads seems too high for short alignments. Use -T AUTO to determine best number of threads.
864  TVM+F+R3      4902.532     82  9969.064     10001.943    10314.169
WARNING: Number of threads seems too high for short alignments. Use -T AUTO to determine best number of threads.
872  TVM+F+I+R2    4903.593     81  9969.186     10001.196    10310.082
WARNING: Number of threads seems too high for short alignments. Use -T AUTO to determine best number of threads.
873  TVM+F+I+R3    4896.401     83  9958.802     9992.565     10308.115
WARNING: Number of threads seems too high for short alignments. Use -T AUTO to determine best number of threads.
883  SYM+G4        4929.252     77  10012.505    10041.173    10336.566
WARNING: Number of threads seems too high for short alignments. Use -T AUTO to determine best number of threads.
884  SYM+I+G4      4926.114     78  10008.227    10037.710    10336.497
WARNING: Number of threads seems too high for short alignments. Use -T AUTO to determine best number of threads.
886  SYM+R3        4923.070     80  10006.141    10037.295    10342.828
WARNING: Number of threads seems too high for short alignments. Use -T AUTO to determine best number of threads.
894  SYM+I+R2      4924.181     79  10006.362    10036.674    10338.841
WARNING: Number of threads seems too high for short alignments. Use -T AUTO to determine best number of threads.
895  SYM+I+R3      4915.426     81  9992.853     10024.862    10333.749
905  SYM+G4        4929.252     77  10012.505    10041.173    10336.566
906  SYM+I+G4      4926.114     78  10008.227    10037.710    10336.497
908  SYM+R3        4923.070     80  10006.141    10037.295    10342.828
916  SYM+I+R2      4924.181     79  10006.362    10036.674    10338.841
917  SYM+I+R3      4915.426     81  9992.853     10024.862    10333.749
WARNING: Number of threads seems too high for short alignments. Use -T AUTO to determine best number of threads.
927  GTR+G4        4929.254     77  10012.508    10041.176    10336.570
WARNING: Number of threads seems too high for short alignments. Use -T AUTO to determine best number of threads.
928  GTR+I+G4      4926.111     78  10008.223    10037.706    10336.493
WARNING: Number of threads seems too high for short alignments. Use -T AUTO to determine best number of threads.
930  GTR+R3        4922.957     80  10005.915    10037.069    10342.602
WARNING: Number of threads seems too high for short alignments. Use -T AUTO to determine best number of threads.
938  GTR+I+R2      4924.180     79  10006.360    10036.672    10338.839
WARNING: Number of threads seems too high for short alignments. Use -T AUTO to determine best number of threads.
939  GTR+I+R3      4915.361     81  9992.723     10024.733    10333.619
WARNING: Number of threads seems too high for short alignments. Use -T AUTO to determine best number of threads.
949  GTR+F+G4      4909.516     80  9979.032     10010.185    10315.719
WARNING: Number of threads seems too high for short alignments. Use -T AUTO to determine best number of threads.
950  GTR+F+I+G4    4905.944     81  9973.888     10005.898    10314.784
WARNING: Number of threads seems too high for short alignments. Use -T AUTO to determine best number of threads.
952  GTR+F+R3      4901.128     83  9968.255     10002.018    10317.568
WARNING: Number of threads seems too high for short alignments. Use -T AUTO to determine best number of threads.
960  GTR+F+I+R2    4902.330     82  9968.661     10001.540    10313.765
WARNING: Number of threads seems too high for short alignments. Use -T AUTO to determine best number of threads.
961  GTR+F+I+R3    4895.070     84  9958.140     9992.801     10311.662
Akaike Information Criterion:           GTR+F+I+R3
Corrected Akaike Information Criterion: TVM+F+I+R3
Bayesian Information Criterion:         TVM+F+I+R3
Best-fit model: TVM+F+I+R3 chosen according to BIC

All model information printed to aln_segment_7456_to_7952.model.gz
CPU time for ModelFinder: 12.141 seconds (0h:0m:12s)
Wall-clock time for ModelFinder: 3.269 seconds (0h:0m:3s)
Generating 1000 samples for ultrafast bootstrap (seed: 391702)...

NOTE: 2 MB RAM (0 GB) is required!
WARNING: Number of threads seems too high for short alignments. Use -T AUTO to determine best number of threads.
Estimate model parameters (epsilon = 0.100)
1. Initial log-likelihood: -4896.548
2. Current log-likelihood: -4896.417
Optimal log-likelihood: -4896.365
Rate parameters:  A-C: 3.78017  A-G: 6.01963  A-T: 1.09751  C-G: 1.08949  C-T: 6.01963  G-T: 1.00000
Base frequencies:  A: 0.315  C: 0.183  G: 0.260  T: 0.242
Proportion of invariable sites: 0.338
Site proportion and rates:  (0.463,0.592) (0.171,3.001) (0.029,7.478)
Parameters optimization took 2 rounds (0.017 sec)
Wrote distance file to... 
Computing ML distances based on estimated model parameters...
Calculating distance matrix: done in 0.0021386 secs
Computing ML distances took 0.002210 sec (of wall-clock time) 0.000000 sec (of CPU time)
Setting up auxiliary I and S matrices: done in 4.59e-05 secs
Constructing RapidNJ tree: done in 0.0001303 secs
Computing RapidNJ tree took 0.000215 sec (of wall-clock time) 0.000000 sec (of CPU time)
Log-likelihood of RapidNJ tree: -4933.440
--------------------------------------------------------------------
|             INITIALIZING CANDIDATE TREE SET                      |
--------------------------------------------------------------------
Generating 98 parsimony trees... 0.215 second
Computing log-likelihood of 98 initial trees ... 0.151 seconds
Current best score: -4896.365

Do NNI search on 20 best initial trees
Optimizing NNI: done in 0.0105706 secs
Estimate model parameters (epsilon = 0.100)
BETTER TREE FOUND at iteration 1: -4896.243
Optimizing NNI: done in 0.011734 secs using 266.3% CPU
Estimate model parameters (epsilon = 0.100)
BETTER TREE FOUND at iteration 2: -4894.169
Optimizing NNI: done in 0.0124539 secs
Optimizing NNI: done in 0.0117878 secs
Optimizing NNI: done in 0.0122197 secs
Optimizing NNI: done in 0.0168494 secs
Optimizing NNI: done in 0.0204989 secs
Optimizing NNI: done in 0.0218808 secs using 499.9% CPU
Optimizing NNI: done in 0.0078998 secs
Optimizing NNI: done in 0.0108928 secs
Iteration 10 / LogL: -4904.135 / Time: 0h:0m:3s
Optimizing NNI: done in 0.0180137 secs
Optimizing NNI: done in 0.0141025 secs
Optimizing NNI: done in 0.0168195 secs
Optimizing NNI: done in 0.0183359 secs using 426.1% CPU
Optimizing NNI: done in 0.0116694 secs
Optimizing NNI: done in 0.0152466 secs
Optimizing NNI: done in 0.0190082 secs using 493.2% CPU
Optimizing NNI: done in 0.022373 secs using 279.4% CPU
Optimizing NNI: done in 0.0170481 secs
Optimizing NNI: done in 0.0125065 secs
Iteration 20 / LogL: -4903.196 / Time: 0h:0m:4s
Finish initializing candidate tree set (13)
Current best tree score: -4894.169 / CPU time: 0.709
Number of iterations: 20
--------------------------------------------------------------------
|               OPTIMIZING CANDIDATE TREE SET                      |
--------------------------------------------------------------------
Optimizing NNI: done in 0.0264364 secs using 354.6% CPU
Optimizing NNI: done in 0.022428 secs using 557.3% CPU
Optimizing NNI: done in 0.0251474 secs using 372.8% CPU
Optimizing NNI: done in 0.0224396 secs using 208.9% CPU
Optimizing NNI: done in 0.0319291 secs using 391.5% CPU
Optimizing NNI: done in 0.0241659 secs using 387.9% CPU
Optimizing NNI: done in 0.0203758 secs using 306.7% CPU
Optimizing NNI: done in 0.0287124 secs using 435.4% CPU
Optimizing NNI: done in 0.024915 secs using 501.7% CPU
Optimizing NNI: done in 0.0273919 secs using 456.3% CPU
Iteration 30 / LogL: -4894.186 / Time: 0h:0m:4s (0h:0m:2s left)
Optimizing NNI: done in 0.0263001 secs using 475.3% CPU
Optimizing NNI: done in 0.0210744 secs using 593.1% CPU
Optimizing NNI: done in 0.0216809 secs using 288.3% CPU
Optimizing NNI: done in 0.0319621 secs using 488.9% CPU
Optimizing NNI: done in 0.0244706 secs using 255.4% CPU
Optimizing NNI: done in 0.0240823 secs using 259.5% CPU
Optimizing NNI: done in 0.0241477 secs using 517.6% CPU
Optimizing NNI: done in 0.0244582 secs using 511.1% CPU
Optimizing NNI: done in 0.0237496 secs using 526.3% CPU
Optimizing NNI: done in 0.0234394 secs using 266.6% CPU
Iteration 40 / LogL: -4894.250 / Time: 0h:0m:4s (0h:0m:2s left)
Optimizing NNI: done in 0.027357 secs using 285.6% CPU
Optimizing NNI: done in 0.0230876 secs using 270.7% CPU
Optimizing NNI: done in 0.0247452 secs using 505.1% CPU
Optimizing NNI: done in 0.0192186 secs
Optimizing NNI: done in 0.0189083 secs using 330.5% CPU
Optimizing NNI: done in 0.0247997 secs using 504% CPU
Optimizing NNI: done in 0.0306225 secs using 408.2% CPU
Optimizing NNI: done in 0.0399859 secs using 390.8% CPU
Optimizing NNI: done in 0.0327584 secs using 381.6% CPU
Optimizing NNI: done in 0.0311049 secs using 401.9% CPU
Iteration 50 / LogL: -4895.680 / Time: 0h:0m:4s (0h:0m:1s left)
Log-likelihood cutoff on original alignment: -4923.661
Optimizing NNI: done in 0.0328191 secs using 523.7% CPU
Optimizing NNI: done in 0.0281554 secs using 444% CPU
Optimizing NNI: done in 0.0233989 secs using 400.7% CPU
Optimizing NNI: done in 0.0285183 secs using 438.3% CPU
Optimizing NNI: done in 0.0221722 secs using 281.9% CPU
Optimizing NNI: done in 0.0194112 secs using 241.5% CPU
Optimizing NNI: done in 0.0272318 secs using 459% CPU
Optimizing NNI: done in 0.0252765 secs using 494.5% CPU
Optimizing NNI: done in 0.0225362 secs using 554.7% CPU
Optimizing NNI: done in 0.0304583 secs using 410.4% CPU
Iteration 60 / LogL: -4894.379 / Time: 0h:0m:5s (0h:0m:1s left)
Optimizing NNI: done in 0.0191032 secs using 327.2% CPU
Optimizing NNI: done in 0.0225861 secs using 276.7% CPU
Optimizing NNI: done in 0.0275766 secs using 453.3% CPU
Optimizing NNI: done in 0.0179395 secs using 609.7% CPU
Optimizing NNI: done in 0.0241216 secs using 259.1% CPU
Optimizing NNI: done in 0.0196666 secs using 317.8% CPU
Optimizing NNI: done in 0.0248749 secs using 439.7% CPU
Optimizing NNI: done in 0.0196922 secs using 317.4% CPU
Optimizing NNI: done in 0.0203239 secs using 307.5% CPU
Optimizing NNI: done in 0.0273417 secs using 457.2% CPU
Iteration 70 / LogL: -4894.345 / Time: 0h:0m:5s (0h:0m:1s left)
Optimizing NNI: done in 0.0159037 secs
Optimizing NNI: done in 0.0194357 secs using 643.1% CPU
Optimizing NNI: done in 0.0263423 secs using 474.5% CPU
Optimizing NNI: done in 0.0242429 secs using 257.8% CPU
Optimizing NNI: done in 0.0289049 secs using 378.4% CPU
Optimizing NNI: done in 0.0277251 secs using 450.9% CPU
Optimizing NNI: done in 0.0266116 secs using 411% CPU
Optimizing NNI: done in 0.0220292 secs using 283.7% CPU
Optimizing NNI: done in 0.0249045 secs using 188.2% CPU
Optimizing NNI: done in 0.0281481 secs using 166.5% CPU
Iteration 80 / LogL: -4894.359 / Time: 0h:0m:5s (0h:0m:0s left)
Optimizing NNI: done in 0.0212055 secs using 221.1% CPU
Optimizing NNI: done in 0.02539 secs using 492.3% CPU
Optimizing NNI: done in 0.0299744 secs using 417% CPU
Optimizing NNI: done in 0.0199493 secs using 626.6% CPU
Optimizing NNI: done in 0.0208473 secs using 299.8% CPU
Optimizing NNI: done in 0.0221869 secs using 281.7% CPU
Optimizing NNI: done in 0.0190826 secs using 655% CPU
Optimizing NNI: done in 0.0185684 secs using 336.6% CPU
Optimizing NNI: done in 0.0213442 secs using 585.6% CPU
Optimizing NNI: done in 0.0270427 secs using 346.7% CPU
Iteration 90 / LogL: -4894.469 / Time: 0h:0m:6s (0h:0m:0s left)
Optimizing NNI: done in 0.0224071 secs using 278.9% CPU
Optimizing NNI: done in 0.0221939 secs using 281.6% CPU
Optimizing NNI: done in 0.028102 secs using 444.8% CPU
Optimizing NNI: done in 0.029579 secs using 422.6% CPU
Optimizing NNI: done in 0.0252117 secs using 247.9% CPU
Optimizing NNI: done in 0.0275069 secs using 397.6% CPU
Optimizing NNI: done in 0.0437167 secs using 321.7% CPU
Optimizing NNI: done in 0.0214912 secs using 290.8% CPU
Optimizing NNI: done in 0.0258011 secs using 484.5% CPU
Optimizing NNI: done in 0.0329683 secs using 379.2% CPU
Iteration 100 / LogL: -4894.294 / Time: 0h:0m:6s (0h:0m:0s left)
Log-likelihood cutoff on original alignment: -4923.661
NOTE: Bootstrap correlation coefficient of split occurrence frequencies: 0.996
Optimizing NNI: done in 0.0222007 secs using 422.3% CPU
Optimizing NNI: done in 0.0225259 secs using 554.9% CPU
Optimizing NNI: done in 0.0231038 secs using 270.5% CPU
TREE SEARCH COMPLETED AFTER 103 ITERATIONS / Time: 0h:0m:6s

--------------------------------------------------------------------
|                    FINALIZING TREE SEARCH                        |
--------------------------------------------------------------------
Performs final model parameters optimization
Estimate model parameters (epsilon = 0.010)
1. Initial log-likelihood: -4894.169
Optimal log-likelihood: -4894.160
Rate parameters:  A-C: 3.79406  A-G: 5.99290  A-T: 1.07060  C-G: 1.07145  C-T: 5.99290  G-T: 1.00000
Base frequencies:  A: 0.315  C: 0.183  G: 0.260  T: 0.242
Proportion of invariable sites: 0.336
Site proportion and rates:  (0.463,0.581) (0.166,2.879) (0.036,7.117)
Parameters optimization took 1 rounds (0.009 sec)
BEST SCORE FOUND : -4894.160
Creating bootstrap support values...
Split supports printed to NEXUS file aln_segment_7456_to_7952.splits.nex
Total tree length: 2.455

Total number of iterations: 103
CPU time used for tree search: 12.672 sec (0h:0m:12s)
Wall-clock time used for tree search: 3.261 sec (0h:0m:3s)
Total CPU time used: 25.359 sec (0h:0m:25s)
Total wall-clock time used: 6.683 sec (0h:0m:6s)

Computing bootstrap consensus tree...
Reading input file aln_segment_7456_to_7952.splits.nex...
37 taxa and 261 splits.
Consensus tree written to aln_segment_7456_to_7952.contree
Reading input trees file aln_segment_7456_to_7952.contree
Log-likelihood of consensus tree: -4894.160

Analysis results written to: 
  IQ-TREE report:                aln_segment_7456_to_7952.iqtree
  Maximum-likelihood tree:       aln_segment_7456_to_7952.treefile
  Likelihood distances:          aln_segment_7456_to_7952.mldist

Ultrafast bootstrap approximation results written to:
  Split support values:          aln_segment_7456_to_7952.splits.nex
  Consensus tree:                aln_segment_7456_to_7952.contree
  Screen log file:               aln_segment_7456_to_7952.log

Date and Time: Wed Aug 27 10:05:04 2025
