IQ-TREE multicore version 2.3.6 for Linux x86 64-bit built Dec 11 2024
Developed by Bui Quang Minh, Nguyen Lam Tung, Olga Chernomor, Heiko Schmidt,
Dominik Schrempf, Michael Woodhams, Ly Trong Nhan, Thomas Wong

Host:    PC24030008 (AVX2, FMA3, 15 GB RAM)
Command: iqtree2 -te data/ind_trees/tree_2.newick -s data/18_ML_trees/2708_trimmed_alns_HIV_2021_subset.fasta --scfl 100 --prefix output/scf/scf_tree_2 -nt AUTO
Seed:    973862 (Using SPRNG - Scalable Parallel Random Number Generator)
Time:    Tue Sep 23 12:02:32 2025
Kernel:  AVX+FMA - auto-detect threads (20 CPU cores detected)

Reading alignment file data/18_ML_trees/2708_trimmed_alns_HIV_2021_subset.fasta ... Fasta format detected
Reading fasta file: done in 0.0024677 secs
Alignment most likely contains DNA/RNA sequences
Alignment has 37 sequences with 8941 columns, 3524 distinct patterns
3080 parsimony-informative, 1063 singleton sites, 4798 constant sites
                                Gap/Ambiguity  Composition  p-value
Analyzing sequences: done in 8.96e-05 secs
   1  B.FR.83.HXBLAI_IIIB_BRU.K03455    0.70%    passed     19.65%
   2  A                                 0.15%    passed     89.42%
   3  A1                                2.13%    passed     95.95%
   4  A2                                0.48%    passed     99.90%
   5  A3                                2.14%    passed     63.50%
   6  A6                                0.74%    passed     55.87%
   7  B                                 1.54%    passed     84.96%
   8  C                                 0.82%    passed     99.85%
   9  D                                 2.30%    passed     81.94%
  10  F1                                1.63%    passed     79.98%
  11  F2                                1.90%    passed     83.58%
  12  G                                 0.72%    passed     96.00%
  13  H                                 0.59%    passed     95.29%
  14  J                                 0.74%    passed     82.00%
  15  K                                 4.21%    passed     27.59%
  16  L                                 1.02%    passed     93.46%
  17  AE                                2.18%    passed     91.20%
  18  AG                                2.76%    passed     96.74%
  19  cpx                               0.65%    passed     75.48%
  20  DF                                0.73%    passed     93.16%
  21  BC                                1.01%    passed     89.00%
  22  CD                                0.66%    passed     99.15%
  23  BF                                0.85%    passed     34.38%
  24  BG                                1.45%    passed     96.00%
  25  01B                               1.67%    passed     91.56%
  26  A2D                               2.02%    passed     53.74%
  27  01A1                              2.65%    passed     55.15%
  28  A5U                               0.46%    passed     76.20%
  29  AD                                2.99%    passed     95.07%
  30  BF1                               1.96%    passed     80.75%
  31  02G                               1.21%    passed     98.74%
  32  A1D                               0.89%    passed     82.33%
  33  02A                               1.55%    passed     28.34%
  34  C2U                               0.43%    passed     98.79%
  35  02B                               3.53%    passed     98.05%
  36  01C                               0.82%    passed     97.29%
  37  CPZ                               1.97%    failed      0.00%
****  TOTAL                             1.47%  1 sequences failed composition chi2 test (p-value<5%; df=3)

Reading input tree file data/ind_trees/tree_2.newick ...
Measuring multi-threading efficiency up to 20 CPU cores
Increase to 10 rounds for branch lengths
80 trees examined
Threads: 1 / Time: 20.028 sec / Speedup: 1.000 / Efficiency: 100% / LogL: -106638
Threads: 2 / Time: 23.540 sec / Speedup: 0.851 / Efficiency: 43% / LogL: -106638
BEST NUMBER OF THREADS: 1

Perform fast likelihood tree search using GTR+I+G model...
Estimate model parameters (epsilon = 5.000)
Time for fast ML tree search: 2.047 seconds

NOTE: ModelFinder requires 42 MB RAM!
ModelFinder will test up to 484 DNA models (sample size: 8941 epsilon: 0.100) ...
 No. Model         -LnL         df  AIC          AICc         BIC
  1  GTR+F         98687.859    79  197533.718   197535.144   198094.492
  2  GTR+F+I       90218.332    80  180596.664   180598.127   181164.536
  3  GTR+F+G4      88104.010    80  176368.019   176369.482   176935.892
  4  GTR+F+I+G4    87803.043    81  175768.087   175769.586   176343.057
  5  GTR+F+R2      88648.482    81  177458.964   177460.464   178033.935
  6  GTR+F+R3      87794.608    83  175755.216   175756.790   176344.383
  7  GTR+F+R4      87680.356    85  175530.711   175532.362   176134.075
  8  GTR+F+R5      87660.157    87  175494.314   175496.043   176111.875
  9  GTR+F+R6      87658.719    89  175495.438   175497.248   176127.196
 14  GTR+F+I+R2    87931.693    82  176027.385   176028.922   176609.454
 15  GTR+F+I+R3    87703.019    84  175574.037   175575.650   176170.303
 16  GTR+F+I+R4    87654.698    86  175481.396   175483.086   176091.859
 17  GTR+F+I+R5    87654.511    88  175485.022   175486.792   176109.682
 38  SYM+I+R4      88383.659    83  176933.318   176934.892   177522.485
 60  TVM+F+I+R4    87675.237    85  175520.474   175522.125   176123.838
 82  TVMe+I+R4     88491.445    82  177146.890   177148.427   177728.959
104  TIM3+F+I+R4   87834.005    84  175836.011   175837.623   176432.276
126  TIM3e+I+R4    88800.771    81  177763.542   177765.042   178338.513
148  TIM2+F+I+R4   87828.299    84  175824.598   175826.211   176420.864
170  TIM2e+I+R4    88481.115    81  177124.229   177125.729   177699.200
192  TIM+F+I+R4    87810.511    84  175789.021   175790.633   176385.287
214  TIMe+I+R4     88738.758    81  177639.516   177641.015   178214.486
236  TPM3u+F+I+R4  87851.178    83  175868.356   175869.930   176457.523
258  TPM3+I+R4     88897.816    80  177955.632   177957.095   178523.504
280  TPM2u+F+I+R4  87846.620    83  175859.240   175860.815   176448.408
302  TPM2+I+R4     88588.090    80  177336.180   177337.642   177904.052
324  K3Pu+F+I+R4   87826.457    83  175818.914   175820.488   176408.081
346  K3P+I+R4      88833.726    80  177827.452   177828.915   178395.325
368  TN+F+I+R4     87929.246    83  176024.492   176026.067   176613.660
390  TNe+I+R4      88824.438    80  177808.877   177810.340   178376.749
412  HKY+F+I+R4    87945.117    82  176054.235   176055.771   176636.304
434  K2P+I+R4      88919.209    79  177996.418   177997.845   178557.192
456  F81+F+I+R4    91609.268    81  183380.536   183382.036   183955.507
478  JC+I+R4       92741.167    78  185638.333   185639.724   186192.008
Akaike Information Criterion:           GTR+F+I+R4
Corrected Akaike Information Criterion: GTR+F+I+R4
Bayesian Information Criterion:         GTR+F+I+R4
Best-fit model: GTR+F+I+R4 chosen according to BIC

All model information printed to output/scf/scf_tree_2.model.gz
CPU time for ModelFinder: 125.734 seconds (0h:2m:5s)
Wall-clock time for ModelFinder: 132.153 seconds (0h:2m:12s)

NOTE: 16 MB RAM (0 GB) is required!
Estimate model parameters (epsilon = 0.010)
1. Initial log-likelihood: -91615.463
2. Current log-likelihood: -87664.523
3. Current log-likelihood: -87655.604
4. Current log-likelihood: -87655.411
5. Current log-likelihood: -87655.352
6. Current log-likelihood: -87655.314
7. Current log-likelihood: -87655.291
8. Current log-likelihood: -87655.265
9. Current log-likelihood: -87655.247
10. Current log-likelihood: -87655.232
11. Current log-likelihood: -87655.217
12. Current log-likelihood: -87655.204
13. Current log-likelihood: -87655.189
14. Current log-likelihood: -87655.178
15. Current log-likelihood: -87655.165
16. Current log-likelihood: -87655.153
Optimal log-likelihood: -87655.139
Rate parameters:  A-C: 2.18732  A-G: 5.27101  A-T: 0.98996  C-G: 0.74894  C-T: 6.38727  G-T: 1.00000
Base frequencies:  A: 0.370  C: 0.173  G: 0.236  T: 0.221
Proportion of invariable sites: 0.454
Site proportion and rates:  (0.270,0.441) (0.182,1.967) (0.085,4.840) (0.008,13.552)
Parameters optimization took 16 rounds (4.201 sec)
Wrote distance file to... 
BEST SCORE FOUND : -87655.139
Total tree length: 2.829

Total number of iterations: 0
CPU time used for tree search: 0.000 sec (0h:0m:0s)
Wall-clock time used for tree search: 0.000 sec (0h:0m:0s)
Total CPU time used: 129.844 sec (0h:2m:9s)
Total wall-clock time used: 136.374 sec (0h:2m:16s)
Computing site concordance factor using likelihood...
0.389 sec
Tree with site concordance factors written to output/scf/scf_tree_2.cf.tree
Annotated tree (best viewed in FigTree) written to output/scf/scf_tree_2.cf.tree.nex
Tree with branch IDs written to output/scf/scf_tree_2.cf.branch
Concordance factors per branch printed to output/scf/scf_tree_2.cf.stat

Analysis results written to: 
  IQ-TREE report:                output/scf/scf_tree_2.iqtree
  Maximum-likelihood tree:       output/scf/scf_tree_2.treefile
  Screen log file:               output/scf/scf_tree_2.log

Date and Time: Tue Sep 23 12:04:49 2025
