IQ-TREE multicore version 2.3.6 for Linux x86 64-bit built Dec 11 2024
Developed by Bui Quang Minh, Nguyen Lam Tung, Olga Chernomor, Heiko Schmidt,
Dominik Schrempf, Michael Woodhams, Ly Trong Nhan, Thomas Wong

Host:    PC24030008 (AVX2, FMA3, 15 GB RAM)
Command: iqtree2 -te data/ind_trees/tree_8.newick -s data/18_ML_trees/2708_trimmed_alns_HIV_2021_subset.fasta --scfl 100 --prefix output/scf/scf_tree_8 -nt AUTO
Seed:    896515 (Using SPRNG - Scalable Parallel Random Number Generator)
Time:    Tue Sep 23 12:18:09 2025
Kernel:  AVX+FMA - auto-detect threads (20 CPU cores detected)

Reading alignment file data/18_ML_trees/2708_trimmed_alns_HIV_2021_subset.fasta ... Fasta format detected
Reading fasta file: done in 0.0023681 secs
Alignment most likely contains DNA/RNA sequences
Alignment has 37 sequences with 8941 columns, 3524 distinct patterns
3080 parsimony-informative, 1063 singleton sites, 4798 constant sites
                                Gap/Ambiguity  Composition  p-value
Analyzing sequences: done in 0.0002333 secs
   1  B.FR.83.HXBLAI_IIIB_BRU.K03455    0.70%    passed     19.65%
   2  A                                 0.15%    passed     89.42%
   3  A1                                2.13%    passed     95.95%
   4  A2                                0.48%    passed     99.90%
   5  A3                                2.14%    passed     63.50%
   6  A6                                0.74%    passed     55.87%
   7  B                                 1.54%    passed     84.96%
   8  C                                 0.82%    passed     99.85%
   9  D                                 2.30%    passed     81.94%
  10  F1                                1.63%    passed     79.98%
  11  F2                                1.90%    passed     83.58%
  12  G                                 0.72%    passed     96.00%
  13  H                                 0.59%    passed     95.29%
  14  J                                 0.74%    passed     82.00%
  15  K                                 4.21%    passed     27.59%
  16  L                                 1.02%    passed     93.46%
  17  AE                                2.18%    passed     91.20%
  18  AG                                2.76%    passed     96.74%
  19  cpx                               0.65%    passed     75.48%
  20  DF                                0.73%    passed     93.16%
  21  BC                                1.01%    passed     89.00%
  22  CD                                0.66%    passed     99.15%
  23  BF                                0.85%    passed     34.38%
  24  BG                                1.45%    passed     96.00%
  25  01B                               1.67%    passed     91.56%
  26  A2D                               2.02%    passed     53.74%
  27  01A1                              2.65%    passed     55.15%
  28  A5U                               0.46%    passed     76.20%
  29  AD                                2.99%    passed     95.07%
  30  BF1                               1.96%    passed     80.75%
  31  02G                               1.21%    passed     98.74%
  32  A1D                               0.89%    passed     82.33%
  33  02A                               1.55%    passed     28.34%
  34  C2U                               0.43%    passed     98.79%
  35  02B                               3.53%    passed     98.05%
  36  01C                               0.82%    passed     97.29%
  37  CPZ                               1.97%    failed      0.00%
****  TOTAL                             1.47%  1 sequences failed composition chi2 test (p-value<5%; df=3)

Reading input tree file data/ind_trees/tree_8.newick ...
Measuring multi-threading efficiency up to 20 CPU cores
Increase to 10 rounds for branch lengths
84 trees examined
Threads: 1 / Time: 20.182 sec / Speedup: 1.000 / Efficiency: 100% / LogL: -106844
Threads: 2 / Time: 25.289 sec / Speedup: 0.798 / Efficiency: 40% / LogL: -106844
BEST NUMBER OF THREADS: 1

Perform fast likelihood tree search using GTR+I+G model...
Estimate model parameters (epsilon = 5.000)
Time for fast ML tree search: 2.017 seconds

NOTE: ModelFinder requires 42 MB RAM!
ModelFinder will test up to 484 DNA models (sample size: 8941 epsilon: 0.100) ...
 No. Model         -LnL         df  AIC          AICc         BIC
  1  GTR+F         101722.942   79  203603.885   203605.311   204164.659
  2  GTR+F+I       92529.864    80  185219.727   185221.190   185787.599
  3  GTR+F+G4      90062.107    80  180284.213   180285.676   180852.086
  4  GTR+F+I+G4    89742.062    81  179646.124   179647.623   180221.094
  5  GTR+F+R2      90687.897    81  181537.794   181539.293   182112.764
  6  GTR+F+R3      89769.083    83  179704.166   179705.741   180293.334
  7  GTR+F+R4      89606.626    85  179383.252   179384.903   179986.616
  8  GTR+F+R5      89605.662    87  179385.323   179387.053   180002.884
 14  GTR+F+I+R2    89905.215    82  179974.431   179975.968   180556.500
 15  GTR+F+I+R3    89622.239    84  179412.477   179414.090   180008.743
 16  GTR+F+I+R4    89573.727    86  179319.455   179321.145   179929.917
 17  GTR+F+I+R5    89570.016    88  179316.033   179317.802   179940.692
 38  SYM+I+R4      90319.011    83  180804.021   180805.596   181393.189
 60  TVM+F+I+R4    89593.993    85  179357.986   179359.637   179961.351
 82  TVMe+I+R4     90431.177    82  181026.355   181027.891   181608.424
104  TIM3+F+I+R4   89746.923    84  179661.846   179663.458   180258.112
126  TIM3e+I+R4    90741.320    81  181644.639   181646.139   182219.610
148  TIM2+F+I+R4   89749.291    84  179666.583   179668.195   180262.849
170  TIM2e+I+R4    90412.098    81  180986.196   180987.696   181561.167
192  TIM+F+I+R4    89731.945    84  179631.890   179633.503   180228.156
214  TIMe+I+R4     90684.541    81  181531.082   181532.582   182106.053
236  TPM3u+F+I+R4  89764.854    83  179695.708   179697.282   180284.875
258  TPM3+I+R4     90843.616    80  181847.233   181848.696   182415.105
280  TPM2u+F+I+R4  89767.430    83  179700.860   179702.434   180290.027
302  TPM2+I+R4     90523.804    80  181207.609   181209.071   181775.481
324  K3Pu+F+I+R4   89748.336    83  179662.672   179664.246   180251.839
346  K3P+I+R4      90785.017    80  181730.033   181731.496   182297.905
368  TN+F+I+R4     89849.183    83  179864.367   179865.941   180453.534
390  TNe+I+R4      90766.130    80  181692.261   181693.723   182260.133
412  HKY+F+I+R4    89865.114    82  179894.227   179895.764   180476.296
434  K2P+I+R4      90866.632    79  181891.265   181892.691   182452.039
456  F81+F+I+R4    93717.690    81  187597.380   187598.879   188172.350
478  JC+I+R4       94886.928    78  189929.855   189931.246   190483.531
Akaike Information Criterion:           GTR+F+I+R5
Corrected Akaike Information Criterion: GTR+F+I+R5
Bayesian Information Criterion:         GTR+F+I+R4
Best-fit model: GTR+F+I+R4 chosen according to BIC

All model information printed to output/scf/scf_tree_8.model.gz
CPU time for ModelFinder: 129.812 seconds (0h:2m:9s)
Wall-clock time for ModelFinder: 135.468 seconds (0h:2m:15s)

NOTE: 16 MB RAM (0 GB) is required!
Estimate model parameters (epsilon = 0.010)
1. Initial log-likelihood: -93725.948
2. Current log-likelihood: -89586.685
3. Current log-likelihood: -89574.953
4. Current log-likelihood: -89574.749
5. Current log-likelihood: -89574.668
6. Current log-likelihood: -89574.601
7. Current log-likelihood: -89574.536
8. Current log-likelihood: -89574.479
9. Current log-likelihood: -89574.433
10. Current log-likelihood: -89574.394
11. Current log-likelihood: -89574.349
12. Current log-likelihood: -89574.305
13. Current log-likelihood: -89574.269
14. Current log-likelihood: -89574.228
15. Current log-likelihood: -89574.187
16. Current log-likelihood: -89574.155
17. Current log-likelihood: -89574.127
18. Current log-likelihood: -89574.087
19. Current log-likelihood: -89574.049
20. Current log-likelihood: -89574.018
21. Current log-likelihood: -89573.993
22. Current log-likelihood: -89573.968
23. Current log-likelihood: -89573.931
24. Current log-likelihood: -89573.898
25. Current log-likelihood: -89573.876
26. Current log-likelihood: -89573.845
27. Current log-likelihood: -89573.829
28. Current log-likelihood: -89573.812
29. Current log-likelihood: -89573.796
30. Current log-likelihood: -89573.779
31. Current log-likelihood: -89573.763
32. Current log-likelihood: -89573.747
33. Current log-likelihood: -89573.731
34. Current log-likelihood: -89573.715
35. Current log-likelihood: -89573.695
36. Current log-likelihood: -89573.678
37. Current log-likelihood: -89573.662
38. Current log-likelihood: -89573.646
39. Current log-likelihood: -89573.631
40. Current log-likelihood: -89573.616
41. Current log-likelihood: -89573.597
42. Current log-likelihood: -89573.580
43. Current log-likelihood: -89573.565
44. Current log-likelihood: -89573.551
45. Current log-likelihood: -89573.537
46. Current log-likelihood: -89573.523
47. Current log-likelihood: -89573.510
48. Current log-likelihood: -89573.496
49. Current log-likelihood: -89573.483
50. Current log-likelihood: -89573.470
51. Current log-likelihood: -89573.457
52. Current log-likelihood: -89573.443
53. Current log-likelihood: -89573.430
54. Current log-likelihood: -89573.419
Optimal log-likelihood: -89573.405
Rate parameters:  A-C: 2.26592  A-G: 5.53794  A-T: 1.00175  C-G: 0.79059  C-T: 6.72074  G-T: 1.00000
Base frequencies:  A: 0.370  C: 0.173  G: 0.236  T: 0.221
Proportion of invariable sites: 0.463
Site proportion and rates:  (0.278,0.454) (0.177,2.130) (0.075,5.119) (0.008,14.968)
Parameters optimization took 54 rounds (12.828 sec)
Wrote distance file to... 
BEST SCORE FOUND : -89573.405
Total tree length: 3.069

Total number of iterations: 0
CPU time used for tree search: 0.000 sec (0h:0m:0s)
Wall-clock time used for tree search: 0.000 sec (0h:0m:0s)
Total CPU time used: 142.391 sec (0h:2m:22s)
Total wall-clock time used: 148.322 sec (0h:2m:28s)
Computing site concordance factor using likelihood...
0.420 sec
Tree with site concordance factors written to output/scf/scf_tree_8.cf.tree
Annotated tree (best viewed in FigTree) written to output/scf/scf_tree_8.cf.tree.nex
Tree with branch IDs written to output/scf/scf_tree_8.cf.branch
Concordance factors per branch printed to output/scf/scf_tree_8.cf.stat

Analysis results written to: 
  IQ-TREE report:                output/scf/scf_tree_8.iqtree
  Maximum-likelihood tree:       output/scf/scf_tree_8.treefile
  Screen log file:               output/scf/scf_tree_8.log

Date and Time: Tue Sep 23 12:20:38 2025
