IQ-TREE multicore version 2.3.6 for Linux x86 64-bit built Dec 11 2024
Developed by Bui Quang Minh, Nguyen Lam Tung, Olga Chernomor, Heiko Schmidt,
Dominik Schrempf, Michael Woodhams, Ly Trong Nhan, Thomas Wong

Host:    PC24030008 (AVX2, FMA3, 15 GB RAM)
Command: iqtree2 -te data/ind_trees/tree_4.newick -s data/18_ML_trees/2708_trimmed_alns_HIV_2021_subset.fasta --scfl 100 --prefix output/scf/scf_tree_4 -nt AUTO
Seed:    14266 (Using SPRNG - Scalable Parallel Random Number Generator)
Time:    Tue Sep 23 12:07:05 2025
Kernel:  AVX+FMA - auto-detect threads (20 CPU cores detected)

Reading alignment file data/18_ML_trees/2708_trimmed_alns_HIV_2021_subset.fasta ... Fasta format detected
Reading fasta file: done in 0.0022602 secs
Alignment most likely contains DNA/RNA sequences
Alignment has 37 sequences with 8941 columns, 3524 distinct patterns
3080 parsimony-informative, 1063 singleton sites, 4798 constant sites
                                Gap/Ambiguity  Composition  p-value
Analyzing sequences: done in 0.0004297 secs
   1  B.FR.83.HXBLAI_IIIB_BRU.K03455    0.70%    passed     19.65%
   2  A                                 0.15%    passed     89.42%
   3  A1                                2.13%    passed     95.95%
   4  A2                                0.48%    passed     99.90%
   5  A3                                2.14%    passed     63.50%
   6  A6                                0.74%    passed     55.87%
   7  B                                 1.54%    passed     84.96%
   8  C                                 0.82%    passed     99.85%
   9  D                                 2.30%    passed     81.94%
  10  F1                                1.63%    passed     79.98%
  11  F2                                1.90%    passed     83.58%
  12  G                                 0.72%    passed     96.00%
  13  H                                 0.59%    passed     95.29%
  14  J                                 0.74%    passed     82.00%
  15  K                                 4.21%    passed     27.59%
  16  L                                 1.02%    passed     93.46%
  17  AE                                2.18%    passed     91.20%
  18  AG                                2.76%    passed     96.74%
  19  cpx                               0.65%    passed     75.48%
  20  DF                                0.73%    passed     93.16%
  21  BC                                1.01%    passed     89.00%
  22  CD                                0.66%    passed     99.15%
  23  BF                                0.85%    passed     34.38%
  24  BG                                1.45%    passed     96.00%
  25  01B                               1.67%    passed     91.56%
  26  A2D                               2.02%    passed     53.74%
  27  01A1                              2.65%    passed     55.15%
  28  A5U                               0.46%    passed     76.20%
  29  AD                                2.99%    passed     95.07%
  30  BF1                               1.96%    passed     80.75%
  31  02G                               1.21%    passed     98.74%
  32  A1D                               0.89%    passed     82.33%
  33  02A                               1.55%    passed     28.34%
  34  C2U                               0.43%    passed     98.79%
  35  02B                               3.53%    passed     98.05%
  36  01C                               0.82%    passed     97.29%
  37  CPZ                               1.97%    failed      0.00%
****  TOTAL                             1.47%  1 sequences failed composition chi2 test (p-value<5%; df=3)

Reading input tree file data/ind_trees/tree_4.newick ...
Measuring multi-threading efficiency up to 20 CPU cores
Increase to 10 rounds for branch lengths
84 trees examined
Threads: 1 / Time: 20.115 sec / Speedup: 1.000 / Efficiency: 100% / LogL: -106386
Threads: 2 / Time: 25.372 sec / Speedup: 0.793 / Efficiency: 40% / LogL: -106386
BEST NUMBER OF THREADS: 1

Perform fast likelihood tree search using GTR+I+G model...
Estimate model parameters (epsilon = 5.000)
Time for fast ML tree search: 2.021 seconds

NOTE: ModelFinder requires 42 MB RAM!
ModelFinder will test up to 484 DNA models (sample size: 8941 epsilon: 0.100) ...
 No. Model         -LnL         df  AIC          AICc         BIC
  1  GTR+F         100501.833   79  201161.667   201163.093   201722.440
  2  GTR+F+I       91588.250    80  183336.500   183337.963   183904.372
  3  GTR+F+G4      89331.064    80  178822.128   178823.591   179390.000
  4  GTR+F+I+G4    89021.937    81  178205.875   178207.374   178780.845
  5  GTR+F+R2      89907.741    81  179977.481   179978.981   180552.452
  6  GTR+F+R3      89037.072    83  178240.144   178241.719   178829.312
  7  GTR+F+R4      88890.570    85  177951.139   177952.790   178554.503
  8  GTR+F+R5      88889.638    87  177953.275   177955.005   178570.836
 14  GTR+F+I+R2    89178.459    82  178520.919   178522.455   179102.988
 15  GTR+F+I+R3    88907.057    84  177982.115   177983.727   178578.381
 16  GTR+F+I+R4    88862.332    86  177896.665   177898.355   178507.127
 17  GTR+F+I+R5    88861.550    88  177899.100   177900.870   178523.760
 38  SYM+I+R4      89618.285    83  179402.569   179404.144   179991.737
 60  TVM+F+I+R4    88880.840    85  177931.681   177933.332   178535.045
 82  TVMe+I+R4     89728.462    82  179620.924   179622.461   180202.993
104  TIM3+F+I+R4   89045.681    84  178259.362   178260.975   178855.628
126  TIM3e+I+R4    90041.531    81  180245.062   180246.561   180820.033
148  TIM2+F+I+R4   89049.202    84  178266.403   178268.016   178862.669
170  TIM2e+I+R4    89724.766    81  179611.532   179613.031   180186.503
192  TIM+F+I+R4    89022.939    84  178213.879   178215.491   178810.144
214  TIMe+I+R4     89977.059    81  180116.118   180117.618   180691.089
236  TPM3u+F+I+R4  89061.258    83  178288.516   178290.090   178877.683
258  TPM3+I+R4     90139.967    80  180439.934   180441.397   181007.807
280  TPM2u+F+I+R4  89065.985    83  178297.970   178299.544   178887.137
302  TPM2+I+R4     89832.339    80  179824.678   179826.141   180392.550
324  K3Pu+F+I+R4   89037.488    83  178240.975   178242.550   178830.143
346  K3P+I+R4      90074.473    80  180308.946   180310.409   180876.819
368  TN+F+I+R4     89149.909    83  178465.819   178467.393   179054.986
390  TNe+I+R4      90068.295    80  180296.590   180298.053   180864.462
412  HKY+F+I+R4    89164.647    82  178493.293   178494.830   179075.362
434  K2P+I+R4      90164.702    79  180487.405   180488.831   181048.179
456  F81+F+I+R4    92994.540    81  186151.081   186152.580   186726.052
478  JC+I+R4       94158.624    78  188473.248   188474.639   189026.923
Akaike Information Criterion:           GTR+F+I+R4
Corrected Akaike Information Criterion: GTR+F+I+R4
Bayesian Information Criterion:         GTR+F+I+R4
Best-fit model: GTR+F+I+R4 chosen according to BIC

All model information printed to output/scf/scf_tree_4.model.gz
CPU time for ModelFinder: 122.453 seconds (0h:2m:2s)
Wall-clock time for ModelFinder: 127.812 seconds (0h:2m:7s)

NOTE: 16 MB RAM (0 GB) is required!
Estimate model parameters (epsilon = 0.010)
1. Initial log-likelihood: -93001.803
2. Current log-likelihood: -88873.473
3. Current log-likelihood: -88862.712
4. Current log-likelihood: -88862.529
5. Current log-likelihood: -88862.491
6. Current log-likelihood: -88862.460
7. Current log-likelihood: -88862.431
8. Current log-likelihood: -88862.405
9. Current log-likelihood: -88862.393
10. Current log-likelihood: -88862.379
11. Current log-likelihood: -88862.368
12. Current log-likelihood: -88862.358
Optimal log-likelihood: -88862.341
Rate parameters:  A-C: 2.27542  A-G: 5.52960  A-T: 0.98286  C-G: 0.76772  C-T: 6.65603  G-T: 1.00000
Base frequencies:  A: 0.370  C: 0.173  G: 0.236  T: 0.221
Proportion of invariable sites: 0.461
Site proportion and rates:  (0.272,0.451) (0.182,2.098) (0.076,5.000) (0.008,14.160)
Parameters optimization took 12 rounds (3.553 sec)
Wrote distance file to... 
BEST SCORE FOUND : -88862.341
Total tree length: 2.984

Total number of iterations: 0
CPU time used for tree search: 0.000 sec (0h:0m:0s)
Wall-clock time used for tree search: 0.000 sec (0h:0m:0s)
Total CPU time used: 125.922 sec (0h:2m:5s)
Total wall-clock time used: 131.383 sec (0h:2m:11s)
Computing site concordance factor using likelihood...
0.400 sec
Tree with site concordance factors written to output/scf/scf_tree_4.cf.tree
Annotated tree (best viewed in FigTree) written to output/scf/scf_tree_4.cf.tree.nex
Tree with branch IDs written to output/scf/scf_tree_4.cf.branch
Concordance factors per branch printed to output/scf/scf_tree_4.cf.stat

Analysis results written to: 
  IQ-TREE report:                output/scf/scf_tree_4.iqtree
  Maximum-likelihood tree:       output/scf/scf_tree_4.treefile
  Screen log file:               output/scf/scf_tree_4.log

Date and Time: Tue Sep 23 12:09:16 2025
