IQ-TREE multicore version 2.3.6 for Linux x86 64-bit built Dec 11 2024
Developed by Bui Quang Minh, Nguyen Lam Tung, Olga Chernomor, Heiko Schmidt,
Dominik Schrempf, Michael Woodhams, Ly Trong Nhan, Thomas Wong

Host:    PC24030008 (AVX2, FMA3, 15 GB RAM)
Command: iqtree2 -te data/ind_trees/tree_13.newick -s data/18_ML_trees/2708_trimmed_alns_HIV_2021_subset.fasta --scfl 100 --prefix output/scf/scf_tree_13 -nt AUTO
Seed:    525684 (Using SPRNG - Scalable Parallel Random Number Generator)
Time:    Tue Sep 23 12:32:09 2025
Kernel:  AVX+FMA - auto-detect threads (20 CPU cores detected)

Reading alignment file data/18_ML_trees/2708_trimmed_alns_HIV_2021_subset.fasta ... Fasta format detected
Reading fasta file: done in 0.0046138 secs
Alignment most likely contains DNA/RNA sequences
Alignment has 37 sequences with 8941 columns, 3524 distinct patterns
3080 parsimony-informative, 1063 singleton sites, 4798 constant sites
                                Gap/Ambiguity  Composition  p-value
Analyzing sequences: done in 0.0001477 secs
   1  B.FR.83.HXBLAI_IIIB_BRU.K03455    0.70%    passed     19.65%
   2  A                                 0.15%    passed     89.42%
   3  A1                                2.13%    passed     95.95%
   4  A2                                0.48%    passed     99.90%
   5  A3                                2.14%    passed     63.50%
   6  A6                                0.74%    passed     55.87%
   7  B                                 1.54%    passed     84.96%
   8  C                                 0.82%    passed     99.85%
   9  D                                 2.30%    passed     81.94%
  10  F1                                1.63%    passed     79.98%
  11  F2                                1.90%    passed     83.58%
  12  G                                 0.72%    passed     96.00%
  13  H                                 0.59%    passed     95.29%
  14  J                                 0.74%    passed     82.00%
  15  K                                 4.21%    passed     27.59%
  16  L                                 1.02%    passed     93.46%
  17  AE                                2.18%    passed     91.20%
  18  AG                                2.76%    passed     96.74%
  19  cpx                               0.65%    passed     75.48%
  20  DF                                0.73%    passed     93.16%
  21  BC                                1.01%    passed     89.00%
  22  CD                                0.66%    passed     99.15%
  23  BF                                0.85%    passed     34.38%
  24  BG                                1.45%    passed     96.00%
  25  01B                               1.67%    passed     91.56%
  26  A2D                               2.02%    passed     53.74%
  27  01A1                              2.65%    passed     55.15%
  28  A5U                               0.46%    passed     76.20%
  29  AD                                2.99%    passed     95.07%
  30  BF1                               1.96%    passed     80.75%
  31  02G                               1.21%    passed     98.74%
  32  A1D                               0.89%    passed     82.33%
  33  02A                               1.55%    passed     28.34%
  34  C2U                               0.43%    passed     98.79%
  35  02B                               3.53%    passed     98.05%
  36  01C                               0.82%    passed     97.29%
  37  CPZ                               1.97%    failed      0.00%
****  TOTAL                             1.47%  1 sequences failed composition chi2 test (p-value<5%; df=3)

Reading input tree file data/ind_trees/tree_13.newick ...
Measuring multi-threading efficiency up to 20 CPU cores
Increase to 10 rounds for branch lengths
85 trees examined
Threads: 1 / Time: 20.097 sec / Speedup: 1.000 / Efficiency: 100% / LogL: -105772
Threads: 2 / Time: 24.855 sec / Speedup: 0.809 / Efficiency: 40% / LogL: -105772
BEST NUMBER OF THREADS: 1

Perform fast likelihood tree search using GTR+I+G model...
Estimate model parameters (epsilon = 5.000)
Time for fast ML tree search: 1.604 seconds

NOTE: ModelFinder requires 42 MB RAM!
ModelFinder will test up to 484 DNA models (sample size: 8941 epsilon: 0.100) ...
 No. Model         -LnL         df  AIC          AICc         BIC
  1  GTR+F         101610.566   79  203379.132   203380.558   203939.906
  2  GTR+F+I       92420.431    80  185000.861   185002.324   185568.734
  3  GTR+F+G4      90017.049    80  180194.097   180195.560   180761.969
  4  GTR+F+I+G4    89726.647    81  179615.294   179616.794   180190.265
  5  GTR+F+R2      90620.512    81  181403.024   181404.523   181977.994
  6  GTR+F+R3      89772.510    83  179711.020   179712.595   180300.188
  7  GTR+F+R4      89621.798    85  179413.596   179415.248   180016.961
  8  GTR+F+R5      89621.060    87  179416.120   179417.849   180033.681
 14  GTR+F+I+R2    89866.460    82  179896.920   179898.456   180478.989
 15  GTR+F+I+R3    89655.656    84  179479.313   179480.925   180075.578
 16  GTR+F+I+R4    89610.903    86  179393.807   179395.497   180004.270
 17  GTR+F+I+R5    89610.269    88  179396.538   179398.308   180021.198
 38  SYM+I+R4      90373.175    83  180912.349   180913.923   181501.517
 60  TVM+F+I+R4    89632.638    85  179435.277   179436.928   180038.641
 82  TVMe+I+R4     90490.131    82  181144.262   181145.799   181726.331
104  TIM3+F+I+R4   89794.343    84  179756.687   179758.299   180352.953
126  TIM3e+I+R4    90802.929    81  181767.859   181769.358   182342.829
148  TIM2+F+I+R4   89812.154    84  179792.308   179793.920   180388.574
170  TIM2e+I+R4    90490.322    81  181142.645   181144.144   181717.615
192  TIM+F+I+R4    89773.328    84  179714.656   179716.268   180310.922
214  TIMe+I+R4     90735.315    81  181632.630   181634.130   182207.601
236  TPM3u+F+I+R4  89812.737    83  179791.473   179793.048   180380.641
258  TPM3+I+R4     90906.108    80  181972.217   181973.680   182540.089
280  TPM2u+F+I+R4  89830.718    83  179827.435   179829.010   180416.603
302  TPM2+I+R4     90607.653    80  181375.305   181376.768   181943.177
324  K3Pu+F+I+R4   89789.985    83  179745.969   179747.543   180335.137
346  K3P+I+R4      90835.953    80  181831.906   181833.369   182399.778
368  TN+F+I+R4     89907.150    83  179980.300   179981.874   180569.467
390  TNe+I+R4      90834.281    80  181828.561   181830.024   182396.434
412  HKY+F+I+R4    89923.419    82  180010.837   180012.374   180592.906
434  K2P+I+R4      90935.820    79  182029.641   182031.067   182590.415
456  F81+F+I+R4    93810.595    81  187783.190   187784.690   188358.161
478  JC+I+R4       94989.066    78  190134.132   190135.522   190687.807
Akaike Information Criterion:           GTR+F+I+R4
Corrected Akaike Information Criterion: GTR+F+I+R4
Bayesian Information Criterion:         GTR+F+I+R4
Best-fit model: GTR+F+I+R4 chosen according to BIC

All model information printed to output/scf/scf_tree_13.model.gz
CPU time for ModelFinder: 117.125 seconds (0h:1m:57s)
Wall-clock time for ModelFinder: 122.090 seconds (0h:2m:2s)

NOTE: 16 MB RAM (0 GB) is required!
Estimate model parameters (epsilon = 0.010)
1. Initial log-likelihood: -93816.873
2. Current log-likelihood: -89627.212
3. Current log-likelihood: -89615.359
4. Current log-likelihood: -89613.824
5. Current log-likelihood: -89612.916
6. Current log-likelihood: -89612.291
7. Current log-likelihood: -89611.879
8. Current log-likelihood: -89611.590
9. Current log-likelihood: -89611.384
10. Current log-likelihood: -89611.244
11. Current log-likelihood: -89611.139
12. Current log-likelihood: -89611.072
13. Current log-likelihood: -89611.014
14. Current log-likelihood: -89610.976
15. Current log-likelihood: -89610.944
16. Current log-likelihood: -89610.921
17. Current log-likelihood: -89610.901
18. Current log-likelihood: -89610.881
19. Current log-likelihood: -89610.868
20. Current log-likelihood: -89610.855
Optimal log-likelihood: -89610.841
Rate parameters:  A-C: 2.25338  A-G: 5.41373  A-T: 0.94910  C-G: 0.75655  C-T: 6.62174  G-T: 1.00000
Base frequencies:  A: 0.370  C: 0.173  G: 0.236  T: 0.221
Proportion of invariable sites: 0.432
Site proportion and rates:  (0.246,0.301) (0.177,1.426) (0.131,3.955) (0.014,10.823)
Parameters optimization took 20 rounds (6.515 sec)
Wrote distance file to... 
BEST SCORE FOUND : -89610.841
Total tree length: 3.027

Total number of iterations: 0
CPU time used for tree search: 0.000 sec (0h:0m:0s)
Wall-clock time used for tree search: 0.000 sec (0h:0m:0s)
Total CPU time used: 123.453 sec (0h:2m:3s)
Total wall-clock time used: 128.626 sec (0h:2m:8s)
Computing site concordance factor using likelihood...
0.403 sec
Tree with site concordance factors written to output/scf/scf_tree_13.cf.tree
Annotated tree (best viewed in FigTree) written to output/scf/scf_tree_13.cf.tree.nex
Tree with branch IDs written to output/scf/scf_tree_13.cf.branch
Concordance factors per branch printed to output/scf/scf_tree_13.cf.stat

Analysis results written to: 
  IQ-TREE report:                output/scf/scf_tree_13.iqtree
  Maximum-likelihood tree:       output/scf/scf_tree_13.treefile
  Screen log file:               output/scf/scf_tree_13.log

Date and Time: Tue Sep 23 12:34:18 2025
