IQ-TREE multicore version 2.3.6 for Linux x86 64-bit built Dec 11 2024
Developed by Bui Quang Minh, Nguyen Lam Tung, Olga Chernomor, Heiko Schmidt,
Dominik Schrempf, Michael Woodhams, Ly Trong Nhan, Thomas Wong

Host:    PC24030008 (AVX2, FMA3, 15 GB RAM)
Command: iqtree2 -te data/ind_trees/tree_6.newick -s data/18_ML_trees/2708_trimmed_alns_HIV_2021_subset.fasta --scfl 100 --prefix output/scf/scf_tree_6 -nt AUTO
Seed:    976508 (Using SPRNG - Scalable Parallel Random Number Generator)
Time:    Tue Sep 23 12:11:48 2025
Kernel:  AVX+FMA - auto-detect threads (20 CPU cores detected)

Reading alignment file data/18_ML_trees/2708_trimmed_alns_HIV_2021_subset.fasta ... Fasta format detected
Reading fasta file: done in 0.0060976 secs
Alignment most likely contains DNA/RNA sequences
Alignment has 37 sequences with 8941 columns, 3524 distinct patterns
3080 parsimony-informative, 1063 singleton sites, 4798 constant sites
                                Gap/Ambiguity  Composition  p-value
Analyzing sequences: done in 0.0001353 secs
   1  B.FR.83.HXBLAI_IIIB_BRU.K03455    0.70%    passed     19.65%
   2  A                                 0.15%    passed     89.42%
   3  A1                                2.13%    passed     95.95%
   4  A2                                0.48%    passed     99.90%
   5  A3                                2.14%    passed     63.50%
   6  A6                                0.74%    passed     55.87%
   7  B                                 1.54%    passed     84.96%
   8  C                                 0.82%    passed     99.85%
   9  D                                 2.30%    passed     81.94%
  10  F1                                1.63%    passed     79.98%
  11  F2                                1.90%    passed     83.58%
  12  G                                 0.72%    passed     96.00%
  13  H                                 0.59%    passed     95.29%
  14  J                                 0.74%    passed     82.00%
  15  K                                 4.21%    passed     27.59%
  16  L                                 1.02%    passed     93.46%
  17  AE                                2.18%    passed     91.20%
  18  AG                                2.76%    passed     96.74%
  19  cpx                               0.65%    passed     75.48%
  20  DF                                0.73%    passed     93.16%
  21  BC                                1.01%    passed     89.00%
  22  CD                                0.66%    passed     99.15%
  23  BF                                0.85%    passed     34.38%
  24  BG                                1.45%    passed     96.00%
  25  01B                               1.67%    passed     91.56%
  26  A2D                               2.02%    passed     53.74%
  27  01A1                              2.65%    passed     55.15%
  28  A5U                               0.46%    passed     76.20%
  29  AD                                2.99%    passed     95.07%
  30  BF1                               1.96%    passed     80.75%
  31  02G                               1.21%    passed     98.74%
  32  A1D                               0.89%    passed     82.33%
  33  02A                               1.55%    passed     28.34%
  34  C2U                               0.43%    passed     98.79%
  35  02B                               3.53%    passed     98.05%
  36  01C                               0.82%    passed     97.29%
  37  CPZ                               1.97%    failed      0.00%
****  TOTAL                             1.47%  1 sequences failed composition chi2 test (p-value<5%; df=3)

Reading input tree file data/ind_trees/tree_6.newick ...
Measuring multi-threading efficiency up to 20 CPU cores
Increase to 10 rounds for branch lengths
84 trees examined
Threads: 1 / Time: 20.177 sec / Speedup: 1.000 / Efficiency: 100% / LogL: -105643
Threads: 2 / Time: 24.890 sec / Speedup: 0.811 / Efficiency: 41% / LogL: -105643
BEST NUMBER OF THREADS: 1

Perform fast likelihood tree search using GTR+I+G model...
Estimate model parameters (epsilon = 5.000)
Time for fast ML tree search: 2.050 seconds

NOTE: ModelFinder requires 42 MB RAM!
ModelFinder will test up to 484 DNA models (sample size: 8941 epsilon: 0.100) ...
 No. Model         -LnL         df  AIC          AICc         BIC
  1  GTR+F         105587.120   79  211332.241   211333.667   211893.015
  2  GTR+F+I       95564.475    80  191288.950   191290.413   191856.822
  3  GTR+F+G4      92765.297    80  185690.595   185692.058   186258.467
  4  GTR+F+I+G4    92409.367    81  184980.733   184982.233   185555.704
  5  GTR+F+R2      93478.250    81  187118.501   187120.000   187693.471
  6  GTR+F+R3      92474.715    83  185115.430   185117.004   185704.597
  7  GTR+F+R4      92269.055    85  184708.109   184709.760   185311.473
  8  GTR+F+R5      92240.143    87  184654.285   184656.015   185271.846
  9  GTR+F+R6      92238.512    89  184655.024   184656.834   185286.782
 14  GTR+F+I+R2    92609.507    82  185383.015   185384.552   185965.084
 15  GTR+F+I+R3    92291.194    84  184750.389   184752.001   185346.654
 16  GTR+F+I+R4    92240.178    86  184652.356   184654.046   185262.818
 17  GTR+F+I+R5    92239.540    88  184655.079   184656.849   185279.739
 30  SYM+R5        92981.753    84  186131.507   186133.119   186727.773
 38  SYM+I+R4      92994.279    83  186154.558   186156.132   186743.725
 52  TVM+F+R5      92260.886    86  184693.772   184695.462   185304.234
 60  TVM+F+I+R4    92264.798    85  184699.596   184701.247   185302.961
 74  TVMe+R5       93099.355    83  186364.710   186366.285   186953.878
 82  TVMe+I+R4     93107.034    82  186378.068   186379.604   186960.137
 96  TIM3+F+R5     92419.869    85  185009.738   185011.389   185613.102
104  TIM3+F+I+R4   92421.469    84  185010.939   185012.551   185607.205
118  TIM3e+R5      93435.349    82  187034.698   187036.235   187616.767
126  TIM3e+I+R4    93450.851    81  187063.701   187065.201   187638.672
140  TIM2+F+R5     92429.864    85  185029.728   185031.379   185633.092
148  TIM2+F+I+R4   92435.922    84  185039.844   185041.456   185636.110
162  TIM2e+R5      93086.649    82  186337.298   186338.835   186919.367
170  TIM2e+I+R4    93098.403    81  186358.806   186360.305   186933.776
184  TIM+F+R5      92410.019    85  184990.039   184991.690   185593.403
192  TIM+F+I+R4    92411.235    84  184990.471   184992.083   185586.736
206  TIMe+R5       93376.354    82  186916.708   186918.245   187498.777
214  TIMe+I+R4     93390.735    81  186943.470   186944.970   187518.441
228  TPM3u+F+R5    92440.310    84  185048.620   185050.232   185644.886
236  TPM3u+F+I+R4  92441.988    83  185049.976   185051.551   185639.144
250  TPM3+R5       93540.672    81  187243.345   187244.844   187818.315
258  TPM3+I+R4     93551.287    80  187262.573   187264.036   187830.445
272  TPM2u+F+R5    92450.397    84  185068.795   185070.407   185665.061
280  TPM2u+F+I+R4  92457.578    83  185081.155   185082.730   185670.323
294  TPM2+R5       93203.574    81  186569.148   186570.647   187144.119
302  TPM2+I+R4     93212.584    80  186585.168   186586.630   187153.040
316  K3Pu+F+R5     92428.031    84  185024.062   185025.674   185620.328
324  K3Pu+F+I+R4   92430.233    83  185026.466   185028.040   185615.633
338  K3P+R5        93478.097    81  187118.194   187119.693   187693.164
346  K3P+I+R4      93488.326    80  187136.653   187138.116   187704.525
360  TN+F+R5       92533.314    84  185234.629   185236.241   185830.894
368  TN+F+I+R4     92537.159    83  185240.317   185241.892   185829.485
382  TNe+R5        93464.307    81  187090.613   187092.113   187665.584
390  TNe+I+R4      93479.840    80  187119.680   187121.143   187687.553
404  HKY+F+R5      92551.600    83  185269.201   185270.775   185858.368
412  HKY+F+I+R4    92555.673    82  185275.346   185276.882   185857.415
426  K2P+R5        93566.346    80  187292.693   187294.156   187860.565
434  K2P+I+R4      93578.310    79  187314.621   187316.047   187875.395
448  F81+F+R5      96712.510    82  193589.020   193590.557   194171.089
456  F81+F+I+R4    96718.800    81  193599.599   193601.099   194174.570
470  JC+R5         97893.587    79  195945.173   195946.600   196505.947
478  JC+I+R4       97896.773    78  195949.546   195950.937   196503.222
Akaike Information Criterion:           GTR+F+I+R4
Corrected Akaike Information Criterion: GTR+F+I+R4
Bayesian Information Criterion:         GTR+F+I+R4
Best-fit model: GTR+F+I+R4 chosen according to BIC

All model information printed to output/scf/scf_tree_6.model.gz
CPU time for ModelFinder: 196.719 seconds (0h:3m:16s)
Wall-clock time for ModelFinder: 204.627 seconds (0h:3m:24s)

NOTE: 16 MB RAM (0 GB) is required!
Estimate model parameters (epsilon = 0.010)
1. Initial log-likelihood: -96723.873
2. Current log-likelihood: -92266.606
3. Current log-likelihood: -92252.624
4. Current log-likelihood: -92251.333
5. Current log-likelihood: -92250.336
6. Current log-likelihood: -92249.463
7. Current log-likelihood: -92248.669
8. Current log-likelihood: -92247.909
9. Current log-likelihood: -92247.180
10. Current log-likelihood: -92246.483
11. Current log-likelihood: -92245.835
12. Current log-likelihood: -92245.212
13. Current log-likelihood: -92244.619
14. Current log-likelihood: -92244.051
15. Current log-likelihood: -92243.522
16. Current log-likelihood: -92243.022
17. Current log-likelihood: -92242.558
18. Current log-likelihood: -92242.125
19. Current log-likelihood: -92241.722
20. Current log-likelihood: -92241.370
21. Current log-likelihood: -92241.053
22. Current log-likelihood: -92240.804
23. Current log-likelihood: -92240.604
24. Current log-likelihood: -92240.437
25. Current log-likelihood: -92240.307
26. Current log-likelihood: -92240.208
27. Current log-likelihood: -92240.129
28. Current log-likelihood: -92240.073
29. Current log-likelihood: -92240.034
30. Current log-likelihood: -92239.998
31. Current log-likelihood: -92239.962
32. Current log-likelihood: -92239.934
33. Current log-likelihood: -92239.908
34. Current log-likelihood: -92239.893
35. Current log-likelihood: -92239.877
36. Current log-likelihood: -92239.842
37. Current log-likelihood: -92239.828
Optimal log-likelihood: -92239.811
Rate parameters:  A-C: 2.33374  A-G: 5.71745  A-T: 0.97426  C-G: 0.78802  C-T: 7.05935  G-T: 1.00000
Base frequencies:  A: 0.370  C: 0.173  G: 0.236  T: 0.221
Proportion of invariable sites: 0.465
Site proportion and rates:  (0.270,0.419) (0.171,2.000) (0.084,4.824) (0.010,13.986)
Parameters optimization took 37 rounds (10.733 sec)
Wrote distance file to... 
BEST SCORE FOUND : -92239.811
Total tree length: 3.324

Total number of iterations: 0
CPU time used for tree search: 0.000 sec (0h:0m:0s)
Wall-clock time used for tree search: 0.000 sec (0h:0m:0s)
Total CPU time used: 207.078 sec (0h:3m:27s)
Total wall-clock time used: 215.379 sec (0h:3m:35s)
Computing site concordance factor using likelihood...
0.394 sec
Tree with site concordance factors written to output/scf/scf_tree_6.cf.tree
Annotated tree (best viewed in FigTree) written to output/scf/scf_tree_6.cf.tree.nex
Tree with branch IDs written to output/scf/scf_tree_6.cf.branch
Concordance factors per branch printed to output/scf/scf_tree_6.cf.stat

Analysis results written to: 
  IQ-TREE report:                output/scf/scf_tree_6.iqtree
  Maximum-likelihood tree:       output/scf/scf_tree_6.treefile
  Screen log file:               output/scf/scf_tree_6.log

Date and Time: Tue Sep 23 12:15:24 2025
